{"C:\\Users\\usama\\OneDrive\\Documents\\GitHub\\age-website\\src\\App.tsx": {"path":"C:\\Users\\usama\\OneDrive\\Documents\\GitHub\\age-website\\src\\App.tsx","all":true,"statementMap":{"0":{"start":{"line":1,"column":0},"end":{"line":1,"column":3}},"25":{"start":{"line":26,"column":0},"end":{"line":26,"column":3}},"27":{"start":{"line":28,"column":0},"end":{"line":28,"column":50}},"28":{"start":{"line":29,"column":0},"end":{"line":29,"column":59}},"29":{"start":{"line":30,"column":0},"end":{"line":30,"column":58}},"30":{"start":{"line":31,"column":0},"end":{"line":31,"column":73}},"31":{"start":{"line":32,"column":0},"end":{"line":32,"column":64}},"32":{"start":{"line":33,"column":0},"end":{"line":33,"column":52}},"33":{"start":{"line":34,"column":0},"end":{"line":34,"column":73}},"34":{"start":{"line":35,"column":0},"end":{"line":35,"column":47}},"35":{"start":{"line":36,"column":0},"end":{"line":36,"column":55}},"36":{"start":{"line":37,"column":0},"end":{"line":37,"column":34}},"38":{"start":{"line":39,"column":0},"end":{"line":39,"column":52}},"39":{"start":{"line":40,"column":0},"end":{"line":40,"column":68}},"40":{"start":{"line":41,"column":0},"end":{"line":41,"column":56}},"42":{"start":{"line":43,"column":0},"end":{"line":43,"column":3}},"49":{"start":{"line":50,"column":0},"end":{"line":50,"column":3}},"50":{"start":{"line":51,"column":0},"end":{"line":51,"column":37}},"51":{"start":{"line":52,"column":0},"end":{"line":52,"column":19}},"52":{"start":{"line":53,"column":0},"end":{"line":53,"column":14}},"53":{"start":{"line":54,"column":0},"end":{"line":54,"column":44}},"54":{"start":{"line":55,"column":0},"end":{"line":55,"column":15}},"55":{"start":{"line":56,"column":0},"end":{"line":56,"column":6}},"56":{"start":{"line":57,"column":0},"end":{"line":57,"column":4}},"57":{"start":{"line":58,"column":0},"end":{"line":58,"column":3}},"59":{"start":{"line":60,"column":0},"end":{"line":60,"column":3}},"71":{"start":{"line":72,"column":0},"end":{"line":72,"column":3}},"72":{"start":{"line":73,"column":0},"end":{"line":73,"column":19}},"73":{"start":{"line":74,"column":0},"end":{"line":74,"column":46}},"74":{"start":{"line":75,"column":0},"end":{"line":75,"column":59}},"76":{"start":{"line":77,"column":0},"end":{"line":77,"column":5}},"84":{"start":{"line":85,"column":0},"end":{"line":85,"column":5}},"85":{"start":{"line":86,"column":0},"end":{"line":86,"column":19}},"86":{"start":{"line":87,"column":0},"end":{"line":87,"column":7}},"89":{"start":{"line":90,"column":0},"end":{"line":90,"column":7}},"90":{"start":{"line":91,"column":0},"end":{"line":91,"column":30}},"91":{"start":{"line":92,"column":0},"end":{"line":92,"column":55}},"92":{"start":{"line":93,"column":0},"end":{"line":93,"column":44}},"93":{"start":{"line":94,"column":0},"end":{"line":94,"column":48}},"94":{"start":{"line":95,"column":0},"end":{"line":95,"column":6}},"96":{"start":{"line":97,"column":0},"end":{"line":97,"column":7}},"99":{"start":{"line":100,"column":0},"end":{"line":100,"column":7}},"100":{"start":{"line":101,"column":0},"end":{"line":101,"column":34}},"101":{"start":{"line":102,"column":0},"end":{"line":102,"column":32}},"102":{"start":{"line":103,"column":0},"end":{"line":103,"column":48}},"103":{"start":{"line":104,"column":0},"end":{"line":104,"column":41}},"104":{"start":{"line":105,"column":0},"end":{"line":105,"column":65}},"105":{"start":{"line":106,"column":0},"end":{"line":106,"column":54}},"106":{"start":{"line":107,"column":0},"end":{"line":107,"column":11}},"107":{"start":{"line":108,"column":0},"end":{"line":108,"column":14}},"108":{"start":{"line":109,"column":0},"end":{"line":109,"column":38}},"109":{"start":{"line":110,"column":0},"end":{"line":110,"column":26}},"110":{"start":{"line":111,"column":0},"end":{"line":111,"column":65}},"111":{"start":{"line":112,"column":0},"end":{"line":112,"column":54}},"112":{"start":{"line":113,"column":0},"end":{"line":113,"column":17}},"113":{"start":{"line":114,"column":0},"end":{"line":114,"column":7}},"114":{"start":{"line":115,"column":0},"end":{"line":115,"column":6}},"116":{"start":{"line":117,"column":0},"end":{"line":117,"column":55}},"117":{"start":{"line":118,"column":0},"end":{"line":118,"column":86}},"118":{"start":{"line":119,"column":0},"end":{"line":119,"column":19}},"119":{"start":{"line":120,"column":0},"end":{"line":120,"column":23}},"120":{"start":{"line":121,"column":0},"end":{"line":121,"column":12}},"121":{"start":{"line":122,"column":0},"end":{"line":122,"column":50}},"122":{"start":{"line":123,"column":0},"end":{"line":123,"column":64}},"123":{"start":{"line":124,"column":0},"end":{"line":124,"column":50}},"124":{"start":{"line":125,"column":0},"end":{"line":125,"column":23}},"125":{"start":{"line":126,"column":0},"end":{"line":126,"column":5}},"127":{"start":{"line":128,"column":0},"end":{"line":128,"column":41}},"128":{"start":{"line":129,"column":0},"end":{"line":129,"column":18}},"129":{"start":{"line":130,"column":0},"end":{"line":130,"column":67}},"130":{"start":{"line":131,"column":0},"end":{"line":131,"column":53}},"131":{"start":{"line":132,"column":0},"end":{"line":132,"column":6}},"132":{"start":{"line":133,"column":0},"end":{"line":133,"column":9}},"134":{"start":{"line":135,"column":0},"end":{"line":135,"column":5}},"137":{"start":{"line":138,"column":0},"end":{"line":138,"column":5}},"138":{"start":{"line":139,"column":0},"end":{"line":139,"column":53}},"139":{"start":{"line":140,"column":0},"end":{"line":140,"column":40}},"140":{"start":{"line":141,"column":0},"end":{"line":141,"column":30}},"141":{"start":{"line":142,"column":0},"end":{"line":142,"column":12}},"143":{"start":{"line":144,"column":0},"end":{"line":144,"column":30}},"144":{"start":{"line":145,"column":0},"end":{"line":145,"column":41}},"145":{"start":{"line":146,"column":0},"end":{"line":146,"column":9}},"147":{"start":{"line":148,"column":0},"end":{"line":148,"column":10}},"148":{"start":{"line":149,"column":0},"end":{"line":149,"column":19}},"149":{"start":{"line":150,"column":0},"end":{"line":150,"column":22}},"151":{"start":{"line":152,"column":0},"end":{"line":152,"column":50}},"153":{"start":{"line":154,"column":0},"end":{"line":154,"column":27}},"155":{"start":{"line":156,"column":0},"end":{"line":156,"column":29}},"156":{"start":{"line":157,"column":0},"end":{"line":157,"column":23}},"157":{"start":{"line":158,"column":0},"end":{"line":158,"column":32}},"158":{"start":{"line":159,"column":0},"end":{"line":159,"column":32}},"159":{"start":{"line":160,"column":0},"end":{"line":160,"column":33}},"160":{"start":{"line":161,"column":0},"end":{"line":161,"column":50}},"161":{"start":{"line":162,"column":0},"end":{"line":162,"column":45}},"166":{"start":{"line":167,"column":0},"end":{"line":167,"column":21}},"167":{"start":{"line":168,"column":0},"end":{"line":168,"column":20}},"170":{"start":{"line":171,"column":0},"end":{"line":171,"column":24}},"171":{"start":{"line":172,"column":0},"end":{"line":172,"column":21}},"172":{"start":{"line":173,"column":0},"end":{"line":173,"column":86}},"173":{"start":{"line":174,"column":0},"end":{"line":174,"column":86}},"174":{"start":{"line":175,"column":0},"end":{"line":175,"column":14}},"176":{"start":{"line":177,"column":0},"end":{"line":177,"column":20}},"178":{"start":{"line":179,"column":0},"end":{"line":179,"column":52}},"180":{"start":{"line":181,"column":0},"end":{"line":181,"column":54}},"181":{"start":{"line":182,"column":0},"end":{"line":182,"column":99}},"182":{"start":{"line":183,"column":0},"end":{"line":183,"column":101}},"184":{"start":{"line":185,"column":0},"end":{"line":185,"column":35}},"188":{"start":{"line":189,"column":0},"end":{"line":189,"column":39}},"189":{"start":{"line":190,"column":0},"end":{"line":190,"column":99}},"190":{"start":{"line":191,"column":0},"end":{"line":191,"column":101}},"192":{"start":{"line":193,"column":0},"end":{"line":193,"column":30}},"202":{"start":{"line":203,"column":0},"end":{"line":203,"column":2}},"204":{"start":{"line":205,"column":0},"end":{"line":205,"column":19}}},"s":{"0":0,"25":0,"27":0,"28":0,"29":0,"30":0,"31":0,"32":0,"33":0,"34":0,"35":0,"36":0,"38":0,"39":0,"40":0,"42":0,"49":0,"50":0,"51":0,"52":0,"53":0,"54":0,"55":0,"56":0,"57":0,"59":0,"71":0,"72":0,"73":0,"74":0,"76":0,"84":0,"85":0,"86":0,"89":0,"90":0,"91":0,"92":0,"93":0,"94":0,"96":0,"99":0,"100":0,"101":0,"102":0,"103":0,"104":0,"105":0,"106":0,"107":0,"108":0,"109":0,"110":0,"111":0,"112":0,"113":0,"114":0,"116":0,"117":0,"118":0,"119":0,"120":0,"121":0,"122":0,"123":0,"124":0,"125":0,"127":0,"128":0,"129":0,"130":0,"131":0,"132":0,"134":0,"137":0,"138":0,"139":0,"140":0,"141":0,"143":0,"144":0,"145":0,"147":0,"148":0,"149":0,"151":0,"153":0,"155":0,"156":0,"157":0,"158":0,"159":0,"160":0,"161":0,"166":0,"167":0,"170":0,"171":0,"172":0,"173":0,"174":0,"176":0,"178":0,"180":0,"181":0,"182":0,"184":0,"188":0,"189":0,"190":0,"192":0,"202":0,"204":0},"branchMap":{"0":{"type":"branch","line":1,"loc":{"start":{"line":1,"column":6804},"end":{"line":205,"column":19}},"locations":[{"start":{"line":1,"column":6804},"end":{"line":205,"column":19}}]}},"b":{"0":[0]},"fnMap":{"0":{"name":"(empty-report)","decl":{"start":{"line":1,"column":6804},"end":{"line":205,"column":19}},"loc":{"start":{"line":1,"column":6804},"end":{"line":205,"column":19}},"line":1}},"f":{"0":0}}
,"C:\\Users\\usama\\OneDrive\\Documents\\GitHub\\age-website\\src\\main.tsx": {"path":"C:\\Users\\usama\\OneDrive\\Documents\\GitHub\\age-website\\src\\main.tsx","all":true,"statementMap":{"0":{"start":{"line":1,"column":0},"end":{"line":1,"column":3}},"19":{"start":{"line":20,"column":0},"end":{"line":20,"column":3}},"21":{"start":{"line":22,"column":0},"end":{"line":22,"column":46}},"22":{"start":{"line":23,"column":0},"end":{"line":23,"column":21}},"23":{"start":{"line":24,"column":0},"end":{"line":24,"column":62}},"24":{"start":{"line":25,"column":0},"end":{"line":25,"column":53}},"25":{"start":{"line":26,"column":0},"end":{"line":26,"column":73}},"27":{"start":{"line":28,"column":0},"end":{"line":28,"column":49}},"28":{"start":{"line":29,"column":0},"end":{"line":29,"column":52}},"29":{"start":{"line":30,"column":0},"end":{"line":30,"column":19}},"30":{"start":{"line":31,"column":0},"end":{"line":31,"column":91}},"31":{"start":{"line":32,"column":0},"end":{"line":32,"column":1}},"33":{"start":{"line":34,"column":0},"end":{"line":34,"column":42}},"34":{"start":{"line":35,"column":0},"end":{"line":35,"column":26}},"36":{"start":{"line":37,"column":0},"end":{"line":37,"column":36}},"37":{"start":{"line":38,"column":0},"end":{"line":38,"column":26}},"38":{"start":{"line":39,"column":0},"end":{"line":39,"column":19}},"39":{"start":{"line":40,"column":0},"end":{"line":40,"column":1}},"41":{"start":{"line":42,"column":0},"end":{"line":42,"column":49}},"42":{"start":{"line":43,"column":0},"end":{"line":43,"column":37}},"44":{"start":{"line":45,"column":0},"end":{"line":45,"column":37}},"45":{"start":{"line":46,"column":0},"end":{"line":46,"column":5}},"46":{"start":{"line":47,"column":0},"end":{"line":47,"column":40}},"48":{"start":{"line":49,"column":0},"end":{"line":49,"column":56}},"49":{"start":{"line":50,"column":0},"end":{"line":50,"column":51}},"50":{"start":{"line":51,"column":0},"end":{"line":51,"column":40}},"51":{"start":{"line":52,"column":0},"end":{"line":52,"column":17}},"52":{"start":{"line":53,"column":0},"end":{"line":53,"column":62}},"53":{"start":{"line":54,"column":0},"end":{"line":54,"column":28}},"54":{"start":{"line":55,"column":0},"end":{"line":55,"column":49}},"55":{"start":{"line":56,"column":0},"end":{"line":56,"column":3}},"57":{"start":{"line":58,"column":0},"end":{"line":58,"column":63}},"58":{"start":{"line":59,"column":0},"end":{"line":59,"column":14}},"59":{"start":{"line":60,"column":0},"end":{"line":60,"column":92}},"60":{"start":{"line":61,"column":0},"end":{"line":61,"column":32}},"61":{"start":{"line":62,"column":0},"end":{"line":62,"column":87}},"62":{"start":{"line":63,"column":0},"end":{"line":63,"column":70}},"63":{"start":{"line":64,"column":0},"end":{"line":64,"column":14}},"64":{"start":{"line":65,"column":0},"end":{"line":65,"column":49}},"65":{"start":{"line":66,"column":0},"end":{"line":66,"column":17}},"66":{"start":{"line":67,"column":0},"end":{"line":67,"column":31}},"67":{"start":{"line":68,"column":0},"end":{"line":68,"column":38}},"68":{"start":{"line":69,"column":0},"end":{"line":69,"column":26}},"69":{"start":{"line":70,"column":0},"end":{"line":70,"column":26}},"70":{"start":{"line":71,"column":0},"end":{"line":71,"column":30}},"71":{"start":{"line":72,"column":0},"end":{"line":72,"column":28}},"72":{"start":{"line":73,"column":0},"end":{"line":73,"column":27}},"73":{"start":{"line":74,"column":0},"end":{"line":74,"column":10}},"74":{"start":{"line":75,"column":0},"end":{"line":75,"column":7}},"80":{"start":{"line":81,"column":0},"end":{"line":81,"column":69}},"81":{"start":{"line":82,"column":0},"end":{"line":82,"column":51}},"82":{"start":{"line":83,"column":0},"end":{"line":83,"column":40}},"83":{"start":{"line":84,"column":0},"end":{"line":84,"column":1}}},"s":{"0":0,"19":0,"21":0,"22":0,"23":0,"24":0,"25":0,"27":0,"28":0,"29":0,"30":0,"31":0,"33":0,"34":0,"36":0,"37":0,"38":0,"39":0,"41":0,"42":0,"44":0,"45":0,"46":0,"48":0,"49":0,"50":0,"51":0,"52":0,"53":0,"54":0,"55":0,"57":0,"58":0,"59":0,"60":0,"61":0,"62":0,"63":0,"64":0,"65":0,"66":0,"67":0,"68":0,"69":0,"70":0,"71":0,"72":0,"73":0,"74":0,"80":0,"81":0,"82":0,"83":0},"branchMap":{"0":{"type":"branch","line":1,"loc":{"start":{"line":1,"column":738},"end":{"line":84,"column":-816}},"locations":[{"start":{"line":1,"column":738},"end":{"line":84,"column":-816}}]}},"b":{"0":[0]},"fnMap":{"0":{"name":"(empty-report)","decl":{"start":{"line":1,"column":738},"end":{"line":84,"column":-816}},"loc":{"start":{"line":1,"column":738},"end":{"line":84,"column":-816}},"line":1}},"f":{"0":0}}
,"C:\\Users\\usama\\OneDrive\\Documents\\GitHub\\age-website\\src\\components\\AIGrowthFAQ.tsx": {"path":"C:\\Users\\usama\\OneDrive\\Documents\\GitHub\\age-website\\src\\components\\AIGrowthFAQ.tsx","all":true,"statementMap":{"0":{"start":{"line":1,"column":0},"end":{"line":1,"column":3}},"13":{"start":{"line":14,"column":0},"end":{"line":14,"column":3}},"15":{"start":{"line":16,"column":0},"end":{"line":16,"column":105}},"16":{"start":{"line":17,"column":0},"end":{"line":17,"column":109}},"18":{"start":{"line":19,"column":0},"end":{"line":19,"column":3}},"22":{"start":{"line":23,"column":0},"end":{"line":23,"column":3}},"23":{"start":{"line":24,"column":0},"end":{"line":24,"column":27}},"24":{"start":{"line":25,"column":0},"end":{"line":25,"column":20}},"25":{"start":{"line":26,"column":0},"end":{"line":26,"column":5}},"26":{"start":{"line":27,"column":0},"end":{"line":27,"column":55}},"27":{"start":{"line":28,"column":0},"end":{"line":28,"column":192}},"28":{"start":{"line":29,"column":0},"end":{"line":29,"column":6}},"29":{"start":{"line":30,"column":0},"end":{"line":30,"column":5}},"30":{"start":{"line":31,"column":0},"end":{"line":31,"column":53}},"31":{"start":{"line":32,"column":0},"end":{"line":32,"column":180}},"32":{"start":{"line":33,"column":0},"end":{"line":33,"column":6}},"33":{"start":{"line":34,"column":0},"end":{"line":34,"column":5}},"34":{"start":{"line":35,"column":0},"end":{"line":35,"column":53}},"35":{"start":{"line":36,"column":0},"end":{"line":36,"column":156}},"36":{"start":{"line":37,"column":0},"end":{"line":37,"column":6}},"37":{"start":{"line":38,"column":0},"end":{"line":38,"column":5}},"38":{"start":{"line":39,"column":0},"end":{"line":39,"column":47}},"39":{"start":{"line":40,"column":0},"end":{"line":40,"column":165}},"40":{"start":{"line":41,"column":0},"end":{"line":41,"column":6}},"41":{"start":{"line":42,"column":0},"end":{"line":42,"column":5}},"42":{"start":{"line":43,"column":0},"end":{"line":43,"column":55}},"43":{"start":{"line":44,"column":0},"end":{"line":44,"column":179}},"44":{"start":{"line":45,"column":0},"end":{"line":45,"column":6}},"45":{"start":{"line":46,"column":0},"end":{"line":46,"column":5}},"46":{"start":{"line":47,"column":0},"end":{"line":47,"column":90}},"47":{"start":{"line":48,"column":0},"end":{"line":48,"column":205}},"48":{"start":{"line":49,"column":0},"end":{"line":49,"column":5}},"49":{"start":{"line":50,"column":0},"end":{"line":50,"column":4}},"51":{"start":{"line":52,"column":0},"end":{"line":52,"column":10}},"52":{"start":{"line":53,"column":0},"end":{"line":53,"column":42}},"53":{"start":{"line":54,"column":0},"end":{"line":54,"column":46}},"54":{"start":{"line":55,"column":0},"end":{"line":55,"column":80}},"55":{"start":{"line":56,"column":0},"end":{"line":56,"column":113}},"58":{"start":{"line":59,"column":0},"end":{"line":59,"column":70}},"63":{"start":{"line":64,"column":0},"end":{"line":64,"column":67}},"64":{"start":{"line":65,"column":0},"end":{"line":65,"column":42}},"65":{"start":{"line":66,"column":0},"end":{"line":66,"column":27}},"66":{"start":{"line":67,"column":0},"end":{"line":67,"column":26}},"67":{"start":{"line":68,"column":0},"end":{"line":68,"column":37}},"68":{"start":{"line":69,"column":0},"end":{"line":69,"column":92}},"70":{"start":{"line":71,"column":0},"end":{"line":71,"column":124}},"71":{"start":{"line":72,"column":0},"end":{"line":72,"column":31}},"73":{"start":{"line":74,"column":0},"end":{"line":74,"column":108}},"74":{"start":{"line":75,"column":0},"end":{"line":75,"column":29}},"80":{"start":{"line":81,"column":0},"end":{"line":81,"column":43}},"81":{"start":{"line":82,"column":0},"end":{"line":82,"column":52}},"84":{"start":{"line":85,"column":0},"end":{"line":85,"column":13}},"85":{"start":{"line":86,"column":0},"end":{"line":86,"column":80}},"86":{"start":{"line":87,"column":0},"end":{"line":87,"column":70}},"87":{"start":{"line":88,"column":0},"end":{"line":88,"column":11}},"94":{"start":{"line":95,"column":0},"end":{"line":95,"column":2}},"96":{"start":{"line":97,"column":0},"end":{"line":97,"column":27}}},"s":{"0":0,"13":0,"15":0,"16":0,"18":0,"22":0,"23":0,"24":0,"25":0,"26":0,"27":0,"28":0,"29":0,"30":0,"31":0,"32":0,"33":0,"34":0,"35":0,"36":0,"37":0,"38":0,"39":0,"40":0,"41":0,"42":0,"43":0,"44":0,"45":0,"46":0,"47":0,"48":0,"49":0,"51":0,"52":0,"53":0,"54":0,"55":0,"58":0,"63":0,"64":0,"65":0,"66":0,"67":0,"68":0,"70":0,"71":0,"73":0,"74":0,"80":0,"81":0,"84":0,"85":0,"86":0,"87":0,"94":0,"96":0},"branchMap":{"0":{"type":"branch","line":1,"loc":{"start":{"line":1,"column":4286},"end":{"line":97,"column":27}},"locations":[{"start":{"line":1,"column":4286},"end":{"line":97,"column":27}}]}},"b":{"0":[0]},"fnMap":{"0":{"name":"(empty-report)","decl":{"start":{"line":1,"column":4286},"end":{"line":97,"column":27}},"loc":{"start":{"line":1,"column":4286},"end":{"line":97,"column":27}},"line":1}},"f":{"0":0}}
,"C:\\Users\\usama\\OneDrive\\Documents\\GitHub\\age-website\\src\\components\\AIGrowthQuiz.tsx": {"path":"C:\\Users\\usama\\OneDrive\\Documents\\GitHub\\age-website\\src\\components\\AIGrowthQuiz.tsx","all":true,"statementMap":{"0":{"start":{"line":1,"column":0},"end":{"line":1,"column":3}},"25":{"start":{"line":26,"column":0},"end":{"line":26,"column":3}},"27":{"start":{"line":28,"column":0},"end":{"line":28,"column":52}},"28":{"start":{"line":29,"column":0},"end":{"line":29,"column":48}},"29":{"start":{"line":30,"column":0},"end":{"line":30,"column":52}},"30":{"start":{"line":31,"column":0},"end":{"line":31,"column":53}},"45":{"start":{"line":46,"column":0},"end":{"line":46,"column":39}},"46":{"start":{"line":47,"column":0},"end":{"line":47,"column":3}},"47":{"start":{"line":48,"column":0},"end":{"line":48,"column":13}},"48":{"start":{"line":49,"column":0},"end":{"line":49,"column":73}},"49":{"start":{"line":50,"column":0},"end":{"line":50,"column":14}},"50":{"start":{"line":51,"column":0},"end":{"line":51,"column":57}},"51":{"start":{"line":52,"column":0},"end":{"line":52,"column":73}},"52":{"start":{"line":53,"column":0},"end":{"line":53,"column":83}},"53":{"start":{"line":54,"column":0},"end":{"line":54,"column":97}},"55":{"start":{"line":56,"column":0},"end":{"line":56,"column":4}},"56":{"start":{"line":57,"column":0},"end":{"line":57,"column":3}},"57":{"start":{"line":58,"column":0},"end":{"line":58,"column":13}},"58":{"start":{"line":59,"column":0},"end":{"line":59,"column":75}},"59":{"start":{"line":60,"column":0},"end":{"line":60,"column":14}},"60":{"start":{"line":61,"column":0},"end":{"line":61,"column":63}},"61":{"start":{"line":62,"column":0},"end":{"line":62,"column":69}},"62":{"start":{"line":63,"column":0},"end":{"line":63,"column":65}},"63":{"start":{"line":64,"column":0},"end":{"line":64,"column":86}},"65":{"start":{"line":66,"column":0},"end":{"line":66,"column":4}},"66":{"start":{"line":67,"column":0},"end":{"line":67,"column":3}},"67":{"start":{"line":68,"column":0},"end":{"line":68,"column":13}},"68":{"start":{"line":69,"column":0},"end":{"line":69,"column":78}},"69":{"start":{"line":70,"column":0},"end":{"line":70,"column":14}},"70":{"start":{"line":71,"column":0},"end":{"line":71,"column":81}},"71":{"start":{"line":72,"column":0},"end":{"line":72,"column":67}},"72":{"start":{"line":73,"column":0},"end":{"line":73,"column":78}},"73":{"start":{"line":74,"column":0},"end":{"line":74,"column":91}},"75":{"start":{"line":76,"column":0},"end":{"line":76,"column":4}},"76":{"start":{"line":77,"column":0},"end":{"line":77,"column":3}},"77":{"start":{"line":78,"column":0},"end":{"line":78,"column":13}},"78":{"start":{"line":79,"column":0},"end":{"line":79,"column":65}},"79":{"start":{"line":80,"column":0},"end":{"line":80,"column":14}},"80":{"start":{"line":81,"column":0},"end":{"line":81,"column":65}},"81":{"start":{"line":82,"column":0},"end":{"line":82,"column":69}},"82":{"start":{"line":83,"column":0},"end":{"line":83,"column":80}},"83":{"start":{"line":84,"column":0},"end":{"line":84,"column":76}},"85":{"start":{"line":86,"column":0},"end":{"line":86,"column":4}},"86":{"start":{"line":87,"column":0},"end":{"line":87,"column":3}},"87":{"start":{"line":88,"column":0},"end":{"line":88,"column":13}},"88":{"start":{"line":89,"column":0},"end":{"line":89,"column":78}},"89":{"start":{"line":90,"column":0},"end":{"line":90,"column":14}},"90":{"start":{"line":91,"column":0},"end":{"line":91,"column":70}},"91":{"start":{"line":92,"column":0},"end":{"line":92,"column":78}},"92":{"start":{"line":93,"column":0},"end":{"line":93,"column":78}},"93":{"start":{"line":94,"column":0},"end":{"line":94,"column":75}},"95":{"start":{"line":96,"column":0},"end":{"line":96,"column":4}},"96":{"start":{"line":97,"column":0},"end":{"line":97,"column":3}},"97":{"start":{"line":98,"column":0},"end":{"line":98,"column":13}},"98":{"start":{"line":99,"column":0},"end":{"line":99,"column":68}},"99":{"start":{"line":100,"column":0},"end":{"line":100,"column":14}},"100":{"start":{"line":101,"column":0},"end":{"line":101,"column":68}},"101":{"start":{"line":102,"column":0},"end":{"line":102,"column":81}},"102":{"start":{"line":103,"column":0},"end":{"line":103,"column":78}},"103":{"start":{"line":104,"column":0},"end":{"line":104,"column":90}},"105":{"start":{"line":106,"column":0},"end":{"line":106,"column":4}},"106":{"start":{"line":107,"column":0},"end":{"line":107,"column":3}},"107":{"start":{"line":108,"column":0},"end":{"line":108,"column":13}},"108":{"start":{"line":109,"column":0},"end":{"line":109,"column":68}},"109":{"start":{"line":110,"column":0},"end":{"line":110,"column":14}},"110":{"start":{"line":111,"column":0},"end":{"line":111,"column":80}},"111":{"start":{"line":112,"column":0},"end":{"line":112,"column":84}},"112":{"start":{"line":113,"column":0},"end":{"line":113,"column":77}},"113":{"start":{"line":114,"column":0},"end":{"line":114,"column":85}},"115":{"start":{"line":116,"column":0},"end":{"line":116,"column":4}},"116":{"start":{"line":117,"column":0},"end":{"line":117,"column":3}},"117":{"start":{"line":118,"column":0},"end":{"line":118,"column":13}},"118":{"start":{"line":119,"column":0},"end":{"line":119,"column":74}},"119":{"start":{"line":120,"column":0},"end":{"line":120,"column":14}},"120":{"start":{"line":121,"column":0},"end":{"line":121,"column":74}},"121":{"start":{"line":122,"column":0},"end":{"line":122,"column":77}},"122":{"start":{"line":123,"column":0},"end":{"line":123,"column":80}},"123":{"start":{"line":124,"column":0},"end":{"line":124,"column":82}},"125":{"start":{"line":126,"column":0},"end":{"line":126,"column":4}},"126":{"start":{"line":127,"column":0},"end":{"line":127,"column":3}},"127":{"start":{"line":128,"column":0},"end":{"line":128,"column":13}},"128":{"start":{"line":129,"column":0},"end":{"line":129,"column":75}},"129":{"start":{"line":130,"column":0},"end":{"line":130,"column":14}},"130":{"start":{"line":131,"column":0},"end":{"line":131,"column":69}},"131":{"start":{"line":132,"column":0},"end":{"line":132,"column":69}},"132":{"start":{"line":133,"column":0},"end":{"line":133,"column":81}},"133":{"start":{"line":134,"column":0},"end":{"line":134,"column":87}},"135":{"start":{"line":136,"column":0},"end":{"line":136,"column":4}},"136":{"start":{"line":137,"column":0},"end":{"line":137,"column":3}},"137":{"start":{"line":138,"column":0},"end":{"line":138,"column":14}},"138":{"start":{"line":139,"column":0},"end":{"line":139,"column":64}},"139":{"start":{"line":140,"column":0},"end":{"line":140,"column":14}},"140":{"start":{"line":141,"column":0},"end":{"line":141,"column":80}},"141":{"start":{"line":142,"column":0},"end":{"line":142,"column":74}},"142":{"start":{"line":143,"column":0},"end":{"line":143,"column":80}},"143":{"start":{"line":144,"column":0},"end":{"line":144,"column":86}},"145":{"start":{"line":146,"column":0},"end":{"line":146,"column":4}},"146":{"start":{"line":147,"column":0},"end":{"line":147,"column":3}},"147":{"start":{"line":148,"column":0},"end":{"line":148,"column":14}},"148":{"start":{"line":149,"column":0},"end":{"line":149,"column":72}},"149":{"start":{"line":150,"column":0},"end":{"line":150,"column":14}},"150":{"start":{"line":151,"column":0},"end":{"line":151,"column":66}},"151":{"start":{"line":152,"column":0},"end":{"line":152,"column":65}},"152":{"start":{"line":153,"column":0},"end":{"line":153,"column":87}},"153":{"start":{"line":154,"column":0},"end":{"line":154,"column":71}},"155":{"start":{"line":156,"column":0},"end":{"line":156,"column":4}},"156":{"start":{"line":157,"column":0},"end":{"line":157,"column":3}},"157":{"start":{"line":158,"column":0},"end":{"line":158,"column":14}},"158":{"start":{"line":159,"column":0},"end":{"line":159,"column":79}},"159":{"start":{"line":160,"column":0},"end":{"line":160,"column":14}},"160":{"start":{"line":161,"column":0},"end":{"line":161,"column":73}},"161":{"start":{"line":162,"column":0},"end":{"line":162,"column":75}},"162":{"start":{"line":163,"column":0},"end":{"line":163,"column":74}},"163":{"start":{"line":164,"column":0},"end":{"line":164,"column":90}},"165":{"start":{"line":166,"column":0},"end":{"line":166,"column":3}},"166":{"start":{"line":167,"column":0},"end":{"line":167,"column":2}},"176":{"start":{"line":177,"column":0},"end":{"line":177,"column":3}},"190":{"start":{"line":191,"column":0},"end":{"line":191,"column":3}},"191":{"start":{"line":192,"column":0},"end":{"line":192,"column":66}},"192":{"start":{"line":193,"column":0},"end":{"line":193,"column":60}},"193":{"start":{"line":194,"column":0},"end":{"line":194,"column":58}},"194":{"start":{"line":195,"column":0},"end":{"line":195,"column":76}},"196":{"start":{"line":197,"column":0},"end":{"line":197,"column":72}},"197":{"start":{"line":198,"column":0},"end":{"line":198,"column":50}},"199":{"start":{"line":200,"column":0},"end":{"line":200,"column":5}},"203":{"start":{"line":204,"column":0},"end":{"line":204,"column":5}},"204":{"start":{"line":205,"column":0},"end":{"line":205,"column":61}},"205":{"start":{"line":206,"column":0},"end":{"line":206,"column":29}},"206":{"start":{"line":207,"column":0},"end":{"line":207,"column":40}},"207":{"start":{"line":208,"column":0},"end":{"line":208,"column":14}},"208":{"start":{"line":209,"column":0},"end":{"line":209,"column":33}},"209":{"start":{"line":210,"column":0},"end":{"line":210,"column":8}},"210":{"start":{"line":211,"column":0},"end":{"line":211,"column":21}},"212":{"start":{"line":213,"column":0},"end":{"line":213,"column":5}},"215":{"start":{"line":216,"column":0},"end":{"line":216,"column":5}},"216":{"start":{"line":217,"column":0},"end":{"line":217,"column":40}},"217":{"start":{"line":218,"column":0},"end":{"line":218,"column":53}},"218":{"start":{"line":219,"column":0},"end":{"line":219,"column":62}},"219":{"start":{"line":220,"column":0},"end":{"line":220,"column":25}},"220":{"start":{"line":221,"column":0},"end":{"line":221,"column":45}},"221":{"start":{"line":222,"column":0},"end":{"line":222,"column":60}},"222":{"start":{"line":223,"column":0},"end":{"line":223,"column":7}},"223":{"start":{"line":224,"column":0},"end":{"line":224,"column":12}},"224":{"start":{"line":225,"column":0},"end":{"line":225,"column":26}},"225":{"start":{"line":226,"column":0},"end":{"line":226,"column":5}},"226":{"start":{"line":227,"column":0},"end":{"line":227,"column":45}},"228":{"start":{"line":229,"column":0},"end":{"line":229,"column":5}},"231":{"start":{"line":232,"column":0},"end":{"line":232,"column":5}},"232":{"start":{"line":233,"column":0},"end":{"line":233,"column":44}},"233":{"start":{"line":234,"column":0},"end":{"line":234,"column":30}},"234":{"start":{"line":235,"column":0},"end":{"line":235,"column":62}},"235":{"start":{"line":236,"column":0},"end":{"line":236,"column":25}},"236":{"start":{"line":237,"column":0},"end":{"line":237,"column":45}},"237":{"start":{"line":238,"column":0},"end":{"line":238,"column":60}},"238":{"start":{"line":239,"column":0},"end":{"line":239,"column":7}},"239":{"start":{"line":240,"column":0},"end":{"line":240,"column":5}},"240":{"start":{"line":241,"column":0},"end":{"line":241,"column":33}},"242":{"start":{"line":243,"column":0},"end":{"line":243,"column":42}},"243":{"start":{"line":244,"column":0},"end":{"line":244,"column":18}},"244":{"start":{"line":245,"column":0},"end":{"line":245,"column":12}},"245":{"start":{"line":246,"column":0},"end":{"line":246,"column":56}},"246":{"start":{"line":247,"column":0},"end":{"line":247,"column":53}},"247":{"start":{"line":248,"column":0},"end":{"line":248,"column":39}},"248":{"start":{"line":249,"column":0},"end":{"line":249,"column":83}},"249":{"start":{"line":250,"column":0},"end":{"line":250,"column":107}},"254":{"start":{"line":255,"column":0},"end":{"line":255,"column":3}},"256":{"start":{"line":257,"column":0},"end":{"line":257,"column":10}},"257":{"start":{"line":258,"column":0},"end":{"line":258,"column":54}},"258":{"start":{"line":259,"column":0},"end":{"line":259,"column":51}},"260":{"start":{"line":261,"column":0},"end":{"line":261,"column":30}},"261":{"start":{"line":262,"column":0},"end":{"line":262,"column":66}},"262":{"start":{"line":263,"column":0},"end":{"line":263,"column":118}},"263":{"start":{"line":264,"column":0},"end":{"line":264,"column":70}},"264":{"start":{"line":265,"column":0},"end":{"line":265,"column":61}},"267":{"start":{"line":268,"column":0},"end":{"line":268,"column":55}},"271":{"start":{"line":272,"column":0},"end":{"line":272,"column":98}},"272":{"start":{"line":273,"column":0},"end":{"line":273,"column":149}},"273":{"start":{"line":274,"column":0},"end":{"line":274,"column":31}},"276":{"start":{"line":277,"column":0},"end":{"line":277,"column":50}},"277":{"start":{"line":278,"column":0},"end":{"line":278,"column":54}},"278":{"start":{"line":279,"column":0},"end":{"line":279,"column":21}},"279":{"start":{"line":280,"column":0},"end":{"line":280,"column":27}},"280":{"start":{"line":281,"column":0},"end":{"line":281,"column":64}},"281":{"start":{"line":282,"column":0},"end":{"line":282,"column":243}},"282":{"start":{"line":283,"column":0},"end":{"line":283,"column":49}},"283":{"start":{"line":284,"column":0},"end":{"line":284,"column":79}},"284":{"start":{"line":285,"column":0},"end":{"line":285,"column":115}},"285":{"start":{"line":286,"column":0},"end":{"line":286,"column":19}},"286":{"start":{"line":287,"column":0},"end":{"line":287,"column":62}},"287":{"start":{"line":288,"column":0},"end":{"line":288,"column":64}},"288":{"start":{"line":289,"column":0},"end":{"line":289,"column":63}},"289":{"start":{"line":290,"column":0},"end":{"line":290,"column":28}},"290":{"start":{"line":291,"column":0},"end":{"line":291,"column":28}},"292":{"start":{"line":293,"column":0},"end":{"line":293,"column":66}},"293":{"start":{"line":294,"column":0},"end":{"line":294,"column":142}},"294":{"start":{"line":295,"column":0},"end":{"line":295,"column":51}},"295":{"start":{"line":296,"column":0},"end":{"line":296,"column":51}},"296":{"start":{"line":297,"column":0},"end":{"line":297,"column":52}},"297":{"start":{"line":298,"column":0},"end":{"line":298,"column":70}},"298":{"start":{"line":299,"column":0},"end":{"line":299,"column":57}},"299":{"start":{"line":300,"column":0},"end":{"line":300,"column":117}},"302":{"start":{"line":303,"column":0},"end":{"line":303,"column":128}},"310":{"start":{"line":311,"column":0},"end":{"line":311,"column":59}},"311":{"start":{"line":312,"column":0},"end":{"line":312,"column":17}},"312":{"start":{"line":313,"column":0},"end":{"line":313,"column":29}},"313":{"start":{"line":314,"column":0},"end":{"line":314,"column":36}},"314":{"start":{"line":315,"column":0},"end":{"line":315,"column":44}},"315":{"start":{"line":316,"column":0},"end":{"line":316,"column":41}},"317":{"start":{"line":318,"column":0},"end":{"line":318,"column":50}},"321":{"start":{"line":322,"column":0},"end":{"line":322,"column":17}},"322":{"start":{"line":323,"column":0},"end":{"line":323,"column":25}},"323":{"start":{"line":324,"column":0},"end":{"line":324,"column":32}},"324":{"start":{"line":325,"column":0},"end":{"line":325,"column":46}},"325":{"start":{"line":326,"column":0},"end":{"line":326,"column":41}},"327":{"start":{"line":328,"column":0},"end":{"line":328,"column":91}},"328":{"start":{"line":329,"column":0},"end":{"line":329,"column":51}},"334":{"start":{"line":335,"column":0},"end":{"line":335,"column":3}},"336":{"start":{"line":337,"column":0},"end":{"line":337,"column":42}},"338":{"start":{"line":339,"column":0},"end":{"line":339,"column":28}}},"s":{"0":0,"25":0,"27":0,"28":0,"29":0,"30":0,"45":0,"46":0,"47":0,"48":0,"49":0,"50":0,"51":0,"52":0,"53":0,"55":0,"56":0,"57":0,"58":0,"59":0,"60":0,"61":0,"62":0,"63":0,"65":0,"66":0,"67":0,"68":0,"69":0,"70":0,"71":0,"72":0,"73":0,"75":0,"76":0,"77":0,"78":0,"79":0,"80":0,"81":0,"82":0,"83":0,"85":0,"86":0,"87":0,"88":0,"89":0,"90":0,"91":0,"92":0,"93":0,"95":0,"96":0,"97":0,"98":0,"99":0,"100":0,"101":0,"102":0,"103":0,"105":0,"106":0,"107":0,"108":0,"109":0,"110":0,"111":0,"112":0,"113":0,"115":0,"116":0,"117":0,"118":0,"119":0,"120":0,"121":0,"122":0,"123":0,"125":0,"126":0,"127":0,"128":0,"129":0,"130":0,"131":0,"132":0,"133":0,"135":0,"136":0,"137":0,"138":0,"139":0,"140":0,"141":0,"142":0,"143":0,"145":0,"146":0,"147":0,"148":0,"149":0,"150":0,"151":0,"152":0,"153":0,"155":0,"156":0,"157":0,"158":0,"159":0,"160":0,"161":0,"162":0,"163":0,"165":0,"166":0,"176":0,"190":0,"191":0,"192":0,"193":0,"194":0,"196":0,"197":0,"199":0,"203":0,"204":0,"205":0,"206":0,"207":0,"208":0,"209":0,"210":0,"212":0,"215":0,"216":0,"217":0,"218":0,"219":0,"220":0,"221":0,"222":0,"223":0,"224":0,"225":0,"226":0,"228":0,"231":0,"232":0,"233":0,"234":0,"235":0,"236":0,"237":0,"238":0,"239":0,"240":0,"242":0,"243":0,"244":0,"245":0,"246":0,"247":0,"248":0,"249":0,"254":0,"256":0,"257":0,"258":0,"260":0,"261":0,"262":0,"263":0,"264":0,"267":0,"271":0,"272":0,"273":0,"276":0,"277":0,"278":0,"279":0,"280":0,"281":0,"282":0,"283":0,"284":0,"285":0,"286":0,"287":0,"288":0,"289":0,"290":0,"292":0,"293":0,"294":0,"295":0,"296":0,"297":0,"298":0,"299":0,"302":0,"310":0,"311":0,"312":0,"313":0,"314":0,"315":0,"317":0,"321":0,"322":0,"323":0,"324":0,"325":0,"327":0,"328":0,"334":0,"336":0,"338":0},"branchMap":{"0":{"type":"branch","line":1,"loc":{"start":{"line":1,"column":13146},"end":{"line":339,"column":28}},"locations":[{"start":{"line":1,"column":13146},"end":{"line":339,"column":28}}]}},"b":{"0":[0]},"fnMap":{"0":{"name":"(empty-report)","decl":{"start":{"line":1,"column":13146},"end":{"line":339,"column":28}},"loc":{"start":{"line":1,"column":13146},"end":{"line":339,"column":28}},"line":1}},"f":{"0":0}}
,"C:\\Users\\usama\\OneDrive\\Documents\\GitHub\\age-website\\src\\components\\AIGrowthResults.tsx": {"path":"C:\\Users\\usama\\OneDrive\\Documents\\GitHub\\age-website\\src\\components\\AIGrowthResults.tsx","all":true,"statementMap":{"0":{"start":{"line":1,"column":0},"end":{"line":1,"column":3}},"28":{"start":{"line":29,"column":0},"end":{"line":29,"column":3}},"30":{"start":{"line":31,"column":0},"end":{"line":31,"column":80}},"31":{"start":{"line":32,"column":0},"end":{"line":32,"column":48}},"32":{"start":{"line":33,"column":0},"end":{"line":33,"column":52}},"33":{"start":{"line":34,"column":0},"end":{"line":34,"column":80}},"35":{"start":{"line":36,"column":0},"end":{"line":36,"column":44}},"36":{"start":{"line":37,"column":0},"end":{"line":37,"column":53}},"37":{"start":{"line":38,"column":0},"end":{"line":38,"column":50}},"38":{"start":{"line":39,"column":0},"end":{"line":39,"column":54}},"39":{"start":{"line":40,"column":0},"end":{"line":40,"column":73}},"40":{"start":{"line":41,"column":0},"end":{"line":41,"column":65}},"41":{"start":{"line":42,"column":0},"end":{"line":42,"column":9}},"72":{"start":{"line":73,"column":0},"end":{"line":73,"column":3}},"85":{"start":{"line":86,"column":0},"end":{"line":86,"column":3}},"86":{"start":{"line":87,"column":0},"end":{"line":87,"column":118}},"87":{"start":{"line":88,"column":0},"end":{"line":88,"column":58}},"88":{"start":{"line":89,"column":0},"end":{"line":89,"column":71}},"89":{"start":{"line":90,"column":0},"end":{"line":90,"column":47}},"91":{"start":{"line":92,"column":0},"end":{"line":92,"column":80}},"92":{"start":{"line":93,"column":0},"end":{"line":93,"column":33}},"94":{"start":{"line":95,"column":0},"end":{"line":95,"column":64}},"95":{"start":{"line":96,"column":0},"end":{"line":96,"column":55}},"97":{"start":{"line":98,"column":0},"end":{"line":98,"column":19}},"98":{"start":{"line":99,"column":0},"end":{"line":99,"column":23}},"99":{"start":{"line":100,"column":0},"end":{"line":100,"column":29}},"101":{"start":{"line":102,"column":0},"end":{"line":102,"column":54}},"102":{"start":{"line":103,"column":0},"end":{"line":103,"column":50}},"104":{"start":{"line":105,"column":0},"end":{"line":105,"column":49}},"105":{"start":{"line":106,"column":0},"end":{"line":106,"column":11}},"106":{"start":{"line":107,"column":0},"end":{"line":107,"column":142}},"108":{"start":{"line":109,"column":0},"end":{"line":109,"column":40}},"109":{"start":{"line":110,"column":0},"end":{"line":110,"column":38}},"112":{"start":{"line":113,"column":0},"end":{"line":113,"column":53}},"113":{"start":{"line":114,"column":0},"end":{"line":114,"column":62}},"114":{"start":{"line":115,"column":0},"end":{"line":115,"column":52}},"115":{"start":{"line":116,"column":0},"end":{"line":116,"column":57}},"118":{"start":{"line":119,"column":0},"end":{"line":119,"column":76}},"120":{"start":{"line":121,"column":0},"end":{"line":121,"column":89}},"121":{"start":{"line":122,"column":0},"end":{"line":122,"column":98}},"123":{"start":{"line":124,"column":0},"end":{"line":124,"column":58}},"124":{"start":{"line":125,"column":0},"end":{"line":125,"column":39}},"126":{"start":{"line":127,"column":0},"end":{"line":127,"column":44}},"128":{"start":{"line":129,"column":0},"end":{"line":129,"column":51}},"129":{"start":{"line":130,"column":0},"end":{"line":130,"column":26}},"130":{"start":{"line":131,"column":0},"end":{"line":131,"column":46}},"131":{"start":{"line":132,"column":0},"end":{"line":132,"column":27}},"132":{"start":{"line":133,"column":0},"end":{"line":133,"column":31}},"133":{"start":{"line":134,"column":0},"end":{"line":134,"column":29}},"134":{"start":{"line":135,"column":0},"end":{"line":135,"column":40}},"135":{"start":{"line":136,"column":0},"end":{"line":136,"column":43}},"136":{"start":{"line":137,"column":0},"end":{"line":137,"column":31}},"137":{"start":{"line":138,"column":0},"end":{"line":138,"column":37}},"138":{"start":{"line":139,"column":0},"end":{"line":139,"column":34}},"139":{"start":{"line":140,"column":0},"end":{"line":140,"column":10}},"141":{"start":{"line":142,"column":0},"end":{"line":142,"column":13}},"142":{"start":{"line":143,"column":0},"end":{"line":143,"column":65}},"143":{"start":{"line":144,"column":0},"end":{"line":144,"column":39}},"144":{"start":{"line":145,"column":0},"end":{"line":145,"column":29}},"145":{"start":{"line":146,"column":0},"end":{"line":146,"column":80}},"146":{"start":{"line":147,"column":0},"end":{"line":147,"column":36}},"147":{"start":{"line":148,"column":0},"end":{"line":148,"column":73}},"148":{"start":{"line":149,"column":0},"end":{"line":149,"column":11}},"149":{"start":{"line":150,"column":0},"end":{"line":150,"column":9}},"150":{"start":{"line":151,"column":0},"end":{"line":151,"column":23}},"151":{"start":{"line":152,"column":0},"end":{"line":152,"column":34}},"152":{"start":{"line":153,"column":0},"end":{"line":153,"column":68}},"153":{"start":{"line":154,"column":0},"end":{"line":154,"column":9}},"155":{"start":{"line":156,"column":0},"end":{"line":156,"column":53}},"156":{"start":{"line":157,"column":0},"end":{"line":157,"column":39}},"158":{"start":{"line":159,"column":0},"end":{"line":159,"column":59}},"159":{"start":{"line":160,"column":0},"end":{"line":160,"column":90}},"160":{"start":{"line":161,"column":0},"end":{"line":161,"column":17}},"161":{"start":{"line":162,"column":0},"end":{"line":162,"column":49}},"162":{"start":{"line":163,"column":0},"end":{"line":163,"column":67}},"163":{"start":{"line":164,"column":0},"end":{"line":164,"column":31}},"164":{"start":{"line":165,"column":0},"end":{"line":165,"column":13}},"165":{"start":{"line":166,"column":0},"end":{"line":166,"column":9}},"167":{"start":{"line":168,"column":0},"end":{"line":168,"column":68}},"168":{"start":{"line":169,"column":0},"end":{"line":169,"column":93}},"170":{"start":{"line":171,"column":0},"end":{"line":171,"column":51}},"172":{"start":{"line":173,"column":0},"end":{"line":173,"column":54}},"173":{"start":{"line":174,"column":0},"end":{"line":174,"column":26}},"174":{"start":{"line":175,"column":0},"end":{"line":175,"column":46}},"175":{"start":{"line":176,"column":0},"end":{"line":176,"column":27}},"176":{"start":{"line":177,"column":0},"end":{"line":177,"column":31}},"177":{"start":{"line":178,"column":0},"end":{"line":178,"column":29}},"178":{"start":{"line":179,"column":0},"end":{"line":179,"column":40}},"179":{"start":{"line":180,"column":0},"end":{"line":180,"column":50}},"180":{"start":{"line":181,"column":0},"end":{"line":181,"column":31}},"181":{"start":{"line":182,"column":0},"end":{"line":182,"column":37}},"182":{"start":{"line":183,"column":0},"end":{"line":183,"column":34}},"183":{"start":{"line":184,"column":0},"end":{"line":184,"column":10}},"185":{"start":{"line":186,"column":0},"end":{"line":186,"column":13}},"186":{"start":{"line":187,"column":0},"end":{"line":187,"column":65}},"187":{"start":{"line":188,"column":0},"end":{"line":188,"column":39}},"188":{"start":{"line":189,"column":0},"end":{"line":189,"column":37}},"189":{"start":{"line":190,"column":0},"end":{"line":190,"column":59}},"190":{"start":{"line":191,"column":0},"end":{"line":191,"column":36}},"191":{"start":{"line":192,"column":0},"end":{"line":192,"column":81}},"192":{"start":{"line":193,"column":0},"end":{"line":193,"column":11}},"193":{"start":{"line":194,"column":0},"end":{"line":194,"column":9}},"194":{"start":{"line":195,"column":0},"end":{"line":195,"column":17}},"195":{"start":{"line":196,"column":0},"end":{"line":196,"column":66}},"196":{"start":{"line":197,"column":0},"end":{"line":197,"column":32}},"197":{"start":{"line":198,"column":0},"end":{"line":198,"column":28}},"198":{"start":{"line":199,"column":0},"end":{"line":199,"column":9}},"199":{"start":{"line":200,"column":0},"end":{"line":200,"column":7}},"200":{"start":{"line":201,"column":0},"end":{"line":201,"column":6}},"202":{"start":{"line":203,"column":0},"end":{"line":203,"column":30}},"204":{"start":{"line":205,"column":0},"end":{"line":205,"column":92}},"205":{"start":{"line":206,"column":0},"end":{"line":206,"column":18}},"206":{"start":{"line":207,"column":0},"end":{"line":207,"column":32}},"207":{"start":{"line":208,"column":0},"end":{"line":208,"column":67}},"208":{"start":{"line":209,"column":0},"end":{"line":209,"column":6}},"209":{"start":{"line":210,"column":0},"end":{"line":210,"column":76}},"211":{"start":{"line":212,"column":0},"end":{"line":212,"column":54}},"212":{"start":{"line":213,"column":0},"end":{"line":213,"column":19}},"213":{"start":{"line":214,"column":0},"end":{"line":214,"column":79}},"214":{"start":{"line":215,"column":0},"end":{"line":215,"column":83}},"215":{"start":{"line":216,"column":0},"end":{"line":216,"column":73}},"216":{"start":{"line":217,"column":0},"end":{"line":217,"column":69}},"217":{"start":{"line":218,"column":0},"end":{"line":218,"column":5}},"218":{"start":{"line":219,"column":0},"end":{"line":219,"column":9}},"220":{"start":{"line":221,"column":0},"end":{"line":221,"column":60}},"221":{"start":{"line":222,"column":0},"end":{"line":222,"column":19}},"222":{"start":{"line":223,"column":0},"end":{"line":223,"column":25}},"223":{"start":{"line":224,"column":0},"end":{"line":224,"column":160}},"224":{"start":{"line":225,"column":0},"end":{"line":225,"column":26}},"225":{"start":{"line":226,"column":0},"end":{"line":226,"column":156}},"226":{"start":{"line":227,"column":0},"end":{"line":227,"column":22}},"227":{"start":{"line":228,"column":0},"end":{"line":228,"column":172}},"228":{"start":{"line":229,"column":0},"end":{"line":229,"column":14}},"229":{"start":{"line":230,"column":0},"end":{"line":230,"column":18}},"230":{"start":{"line":231,"column":0},"end":{"line":231,"column":5}},"231":{"start":{"line":232,"column":0},"end":{"line":232,"column":9}},"233":{"start":{"line":234,"column":0},"end":{"line":234,"column":26}},"234":{"start":{"line":235,"column":0},"end":{"line":235,"column":25}},"235":{"start":{"line":236,"column":0},"end":{"line":236,"column":27}},"236":{"start":{"line":237,"column":0},"end":{"line":237,"column":19}},"237":{"start":{"line":238,"column":0},"end":{"line":238,"column":18}},"238":{"start":{"line":239,"column":0},"end":{"line":239,"column":4}},"240":{"start":{"line":241,"column":0},"end":{"line":241,"column":27}},"241":{"start":{"line":242,"column":0},"end":{"line":242,"column":28}},"242":{"start":{"line":243,"column":0},"end":{"line":243,"column":37}},"243":{"start":{"line":244,"column":0},"end":{"line":244,"column":27}},"244":{"start":{"line":245,"column":0},"end":{"line":245,"column":31}},"245":{"start":{"line":246,"column":0},"end":{"line":246,"column":4}},"247":{"start":{"line":248,"column":0},"end":{"line":248,"column":60}},"248":{"start":{"line":249,"column":0},"end":{"line":249,"column":12}},"249":{"start":{"line":250,"column":0},"end":{"line":250,"column":25}},"250":{"start":{"line":251,"column":0},"end":{"line":251,"column":26}},"251":{"start":{"line":252,"column":0},"end":{"line":252,"column":5}},"252":{"start":{"line":253,"column":0},"end":{"line":253,"column":58}},"253":{"start":{"line":254,"column":0},"end":{"line":254,"column":24}},"254":{"start":{"line":255,"column":0},"end":{"line":255,"column":7}},"255":{"start":{"line":256,"column":0},"end":{"line":256,"column":48}},"256":{"start":{"line":257,"column":0},"end":{"line":257,"column":24}},"257":{"start":{"line":258,"column":0},"end":{"line":258,"column":8}},"258":{"start":{"line":259,"column":0},"end":{"line":259,"column":7}},"259":{"start":{"line":260,"column":0},"end":{"line":260,"column":47}},"260":{"start":{"line":261,"column":0},"end":{"line":261,"column":33}},"261":{"start":{"line":262,"column":0},"end":{"line":262,"column":32}},"262":{"start":{"line":263,"column":0},"end":{"line":263,"column":66}},"263":{"start":{"line":264,"column":0},"end":{"line":264,"column":39}},"264":{"start":{"line":265,"column":0},"end":{"line":265,"column":8}},"265":{"start":{"line":266,"column":0},"end":{"line":266,"column":31}},"267":{"start":{"line":268,"column":0},"end":{"line":268,"column":4}},"269":{"start":{"line":270,"column":0},"end":{"line":270,"column":10}},"270":{"start":{"line":271,"column":0},"end":{"line":271,"column":54}},"271":{"start":{"line":272,"column":0},"end":{"line":272,"column":51}},"273":{"start":{"line":274,"column":0},"end":{"line":274,"column":59}},"274":{"start":{"line":275,"column":0},"end":{"line":275,"column":141}},"277":{"start":{"line":278,"column":0},"end":{"line":278,"column":55}},"278":{"start":{"line":279,"column":0},"end":{"line":279,"column":49}},"283":{"start":{"line":284,"column":0},"end":{"line":284,"column":57}},"284":{"start":{"line":285,"column":0},"end":{"line":285,"column":42}},"285":{"start":{"line":286,"column":0},"end":{"line":286,"column":48}},"286":{"start":{"line":287,"column":0},"end":{"line":287,"column":76}},"287":{"start":{"line":288,"column":0},"end":{"line":288,"column":68}},"288":{"start":{"line":289,"column":0},"end":{"line":289,"column":32}},"290":{"start":{"line":291,"column":0},"end":{"line":291,"column":105}},"291":{"start":{"line":292,"column":0},"end":{"line":292,"column":69}},"294":{"start":{"line":295,"column":0},"end":{"line":295,"column":25}},"295":{"start":{"line":296,"column":0},"end":{"line":296,"column":63}},"296":{"start":{"line":297,"column":0},"end":{"line":297,"column":50}},"301":{"start":{"line":302,"column":0},"end":{"line":302,"column":42}},"302":{"start":{"line":303,"column":0},"end":{"line":303,"column":24}},"303":{"start":{"line":304,"column":0},"end":{"line":304,"column":82}},"305":{"start":{"line":306,"column":0},"end":{"line":306,"column":47}},"306":{"start":{"line":307,"column":0},"end":{"line":307,"column":72}},"307":{"start":{"line":308,"column":0},"end":{"line":308,"column":80}},"308":{"start":{"line":309,"column":0},"end":{"line":309,"column":83}},"309":{"start":{"line":310,"column":0},"end":{"line":310,"column":51}},"311":{"start":{"line":312,"column":0},"end":{"line":312,"column":66}},"312":{"start":{"line":313,"column":0},"end":{"line":313,"column":41}},"313":{"start":{"line":314,"column":0},"end":{"line":314,"column":49}},"314":{"start":{"line":315,"column":0},"end":{"line":315,"column":53}},"315":{"start":{"line":316,"column":0},"end":{"line":316,"column":44}},"316":{"start":{"line":317,"column":0},"end":{"line":317,"column":47}},"317":{"start":{"line":318,"column":0},"end":{"line":318,"column":18}},"319":{"start":{"line":320,"column":0},"end":{"line":320,"column":24}},"320":{"start":{"line":321,"column":0},"end":{"line":321,"column":55}},"321":{"start":{"line":322,"column":0},"end":{"line":322,"column":71}},"322":{"start":{"line":323,"column":0},"end":{"line":323,"column":57}},"323":{"start":{"line":324,"column":0},"end":{"line":324,"column":30}},"324":{"start":{"line":325,"column":0},"end":{"line":325,"column":51}},"325":{"start":{"line":326,"column":0},"end":{"line":326,"column":97}},"327":{"start":{"line":328,"column":0},"end":{"line":328,"column":68}},"329":{"start":{"line":330,"column":0},"end":{"line":330,"column":74}},"331":{"start":{"line":332,"column":0},"end":{"line":332,"column":67}},"334":{"start":{"line":335,"column":0},"end":{"line":335,"column":17}},"340":{"start":{"line":341,"column":0},"end":{"line":341,"column":46}},"341":{"start":{"line":342,"column":0},"end":{"line":342,"column":22}},"342":{"start":{"line":343,"column":0},"end":{"line":343,"column":62}},"343":{"start":{"line":344,"column":0},"end":{"line":344,"column":73}},"347":{"start":{"line":348,"column":0},"end":{"line":348,"column":23}},"348":{"start":{"line":349,"column":0},"end":{"line":349,"column":24}},"349":{"start":{"line":350,"column":0},"end":{"line":350,"column":29}},"350":{"start":{"line":351,"column":0},"end":{"line":351,"column":25}},"351":{"start":{"line":352,"column":0},"end":{"line":352,"column":68}},"352":{"start":{"line":353,"column":0},"end":{"line":353,"column":57}},"353":{"start":{"line":354,"column":0},"end":{"line":354,"column":33}},"356":{"start":{"line":357,"column":0},"end":{"line":357,"column":57}},"357":{"start":{"line":358,"column":0},"end":{"line":358,"column":65}},"358":{"start":{"line":359,"column":0},"end":{"line":359,"column":74}},"359":{"start":{"line":360,"column":0},"end":{"line":360,"column":74}},"360":{"start":{"line":361,"column":0},"end":{"line":361,"column":33}},"362":{"start":{"line":363,"column":0},"end":{"line":363,"column":63}},"363":{"start":{"line":364,"column":0},"end":{"line":364,"column":38}},"373":{"start":{"line":374,"column":0},"end":{"line":374,"column":69}},"374":{"start":{"line":375,"column":0},"end":{"line":375,"column":90}},"377":{"start":{"line":378,"column":0},"end":{"line":378,"column":78}},"382":{"start":{"line":383,"column":0},"end":{"line":383,"column":87}},"383":{"start":{"line":384,"column":0},"end":{"line":384,"column":23}},"384":{"start":{"line":385,"column":0},"end":{"line":385,"column":31}},"385":{"start":{"line":386,"column":0},"end":{"line":386,"column":31}},"386":{"start":{"line":387,"column":0},"end":{"line":387,"column":27}},"387":{"start":{"line":388,"column":0},"end":{"line":388,"column":50}},"388":{"start":{"line":389,"column":0},"end":{"line":389,"column":49}},"390":{"start":{"line":391,"column":0},"end":{"line":391,"column":45}},"392":{"start":{"line":393,"column":0},"end":{"line":393,"column":57}},"395":{"start":{"line":396,"column":0},"end":{"line":396,"column":20}},"396":{"start":{"line":397,"column":0},"end":{"line":397,"column":36}},"397":{"start":{"line":398,"column":0},"end":{"line":398,"column":23}},"398":{"start":{"line":399,"column":0},"end":{"line":399,"column":45}},"399":{"start":{"line":400,"column":0},"end":{"line":400,"column":209}},"400":{"start":{"line":401,"column":0},"end":{"line":401,"column":72}},"402":{"start":{"line":403,"column":0},"end":{"line":403,"column":39}},"404":{"start":{"line":405,"column":0},"end":{"line":405,"column":92}},"410":{"start":{"line":411,"column":0},"end":{"line":411,"column":75}},"411":{"start":{"line":412,"column":0},"end":{"line":412,"column":62}},"414":{"start":{"line":415,"column":0},"end":{"line":415,"column":53}},"415":{"start":{"line":416,"column":0},"end":{"line":416,"column":41}},"416":{"start":{"line":417,"column":0},"end":{"line":417,"column":110}},"417":{"start":{"line":418,"column":0},"end":{"line":418,"column":72}},"418":{"start":{"line":419,"column":0},"end":{"line":419,"column":59}},"422":{"start":{"line":423,"column":0},"end":{"line":423,"column":41}},"423":{"start":{"line":424,"column":0},"end":{"line":424,"column":110}},"424":{"start":{"line":425,"column":0},"end":{"line":425,"column":68}},"425":{"start":{"line":426,"column":0},"end":{"line":426,"column":59}},"429":{"start":{"line":430,"column":0},"end":{"line":430,"column":41}},"430":{"start":{"line":431,"column":0},"end":{"line":431,"column":110}},"431":{"start":{"line":432,"column":0},"end":{"line":432,"column":78}},"432":{"start":{"line":433,"column":0},"end":{"line":433,"column":59}},"441":{"start":{"line":442,"column":0},"end":{"line":442,"column":3}},"443":{"start":{"line":444,"column":0},"end":{"line":444,"column":48}},"445":{"start":{"line":446,"column":0},"end":{"line":446,"column":31}}},"s":{"0":0,"28":0,"30":0,"31":0,"32":0,"33":0,"35":0,"36":0,"37":0,"38":0,"39":0,"40":0,"41":0,"72":0,"85":0,"86":0,"87":0,"88":0,"89":0,"91":0,"92":0,"94":0,"95":0,"97":0,"98":0,"99":0,"101":0,"102":0,"104":0,"105":0,"106":0,"108":0,"109":0,"112":0,"113":0,"114":0,"115":0,"118":0,"120":0,"121":0,"123":0,"124":0,"126":0,"128":0,"129":0,"130":0,"131":0,"132":0,"133":0,"134":0,"135":0,"136":0,"137":0,"138":0,"139":0,"141":0,"142":0,"143":0,"144":0,"145":0,"146":0,"147":0,"148":0,"149":0,"150":0,"151":0,"152":0,"153":0,"155":0,"156":0,"158":0,"159":0,"160":0,"161":0,"162":0,"163":0,"164":0,"165":0,"167":0,"168":0,"170":0,"172":0,"173":0,"174":0,"175":0,"176":0,"177":0,"178":0,"179":0,"180":0,"181":0,"182":0,"183":0,"185":0,"186":0,"187":0,"188":0,"189":0,"190":0,"191":0,"192":0,"193":0,"194":0,"195":0,"196":0,"197":0,"198":0,"199":0,"200":0,"202":0,"204":0,"205":0,"206":0,"207":0,"208":0,"209":0,"211":0,"212":0,"213":0,"214":0,"215":0,"216":0,"217":0,"218":0,"220":0,"221":0,"222":0,"223":0,"224":0,"225":0,"226":0,"227":0,"228":0,"229":0,"230":0,"231":0,"233":0,"234":0,"235":0,"236":0,"237":0,"238":0,"240":0,"241":0,"242":0,"243":0,"244":0,"245":0,"247":0,"248":0,"249":0,"250":0,"251":0,"252":0,"253":0,"254":0,"255":0,"256":0,"257":0,"258":0,"259":0,"260":0,"261":0,"262":0,"263":0,"264":0,"265":0,"267":0,"269":0,"270":0,"271":0,"273":0,"274":0,"277":0,"278":0,"283":0,"284":0,"285":0,"286":0,"287":0,"288":0,"290":0,"291":0,"294":0,"295":0,"296":0,"301":0,"302":0,"303":0,"305":0,"306":0,"307":0,"308":0,"309":0,"311":0,"312":0,"313":0,"314":0,"315":0,"316":0,"317":0,"319":0,"320":0,"321":0,"322":0,"323":0,"324":0,"325":0,"327":0,"329":0,"331":0,"334":0,"340":0,"341":0,"342":0,"343":0,"347":0,"348":0,"349":0,"350":0,"351":0,"352":0,"353":0,"356":0,"357":0,"358":0,"359":0,"360":0,"362":0,"363":0,"373":0,"374":0,"377":0,"382":0,"383":0,"384":0,"385":0,"386":0,"387":0,"388":0,"390":0,"392":0,"395":0,"396":0,"397":0,"398":0,"399":0,"400":0,"402":0,"404":0,"410":0,"411":0,"414":0,"415":0,"416":0,"417":0,"418":0,"422":0,"423":0,"424":0,"425":0,"429":0,"430":0,"431":0,"432":0,"441":0,"443":0,"445":0},"branchMap":{"0":{"type":"branch","line":1,"loc":{"start":{"line":1,"column":17404},"end":{"line":446,"column":31}},"locations":[{"start":{"line":1,"column":17404},"end":{"line":446,"column":31}}]}},"b":{"0":[0]},"fnMap":{"0":{"name":"(empty-report)","decl":{"start":{"line":1,"column":17404},"end":{"line":446,"column":31}},"loc":{"start":{"line":1,"column":17404},"end":{"line":446,"column":31}},"line":1}},"f":{"0":0}}
,"C:\\Users\\usama\\OneDrive\\Documents\\GitHub\\age-website\\src\\components\\AppWithErrorBoundary.tsx": {"path":"C:\\Users\\usama\\OneDrive\\Documents\\GitHub\\age-website\\src\\components\\AppWithErrorBoundary.tsx","all":true,"statementMap":{"0":{"start":{"line":1,"column":0},"end":{"line":1,"column":44}},"1":{"start":{"line":2,"column":0},"end":{"line":2,"column":25}},"3":{"start":{"line":4,"column":0},"end":{"line":4,"column":3}},"5":{"start":{"line":6,"column":0},"end":{"line":6,"column":3}},"6":{"start":{"line":7,"column":0},"end":{"line":7,"column":43}},"7":{"start":{"line":8,"column":0},"end":{"line":8,"column":17}},"8":{"start":{"line":9,"column":0},"end":{"line":9,"column":11}}},"s":{"0":0,"1":0,"3":0,"5":0,"6":0,"7":0,"8":0},"branchMap":{"0":{"type":"branch","line":1,"loc":{"start":{"line":1,"column":265},"end":{"line":11,"column":2}},"locations":[{"start":{"line":1,"column":265},"end":{"line":11,"column":2}}]}},"b":{"0":[0]},"fnMap":{"0":{"name":"(empty-report)","decl":{"start":{"line":1,"column":265},"end":{"line":11,"column":2}},"loc":{"start":{"line":1,"column":265},"end":{"line":11,"column":2}},"line":1}},"f":{"0":0}}
,"C:\\Users\\usama\\OneDrive\\Documents\\GitHub\\age-website\\src\\components\\CaseStudies.tsx": {"path":"C:\\Users\\usama\\OneDrive\\Documents\\GitHub\\age-website\\src\\components\\CaseStudies.tsx","all":true,"statementMap":{"0":{"start":{"line":1,"column":0},"end":{"line":1,"column":3}},"13":{"start":{"line":14,"column":0},"end":{"line":14,"column":3}},"15":{"start":{"line":16,"column":0},"end":{"line":16,"column":48}},"16":{"start":{"line":17,"column":0},"end":{"line":17,"column":54}},"17":{"start":{"line":18,"column":0},"end":{"line":18,"column":61}},"18":{"start":{"line":19,"column":0},"end":{"line":19,"column":67}},"19":{"start":{"line":20,"column":0},"end":{"line":20,"column":61}},"20":{"start":{"line":21,"column":0},"end":{"line":21,"column":9}},"33":{"start":{"line":34,"column":0},"end":{"line":34,"column":3}},"37":{"start":{"line":38,"column":0},"end":{"line":38,"column":3}},"38":{"start":{"line":39,"column":0},"end":{"line":39,"column":27}},"39":{"start":{"line":40,"column":0},"end":{"line":40,"column":17}},"40":{"start":{"line":41,"column":0},"end":{"line":41,"column":5}},"41":{"start":{"line":42,"column":0},"end":{"line":42,"column":30}},"42":{"start":{"line":43,"column":0},"end":{"line":43,"column":37}},"43":{"start":{"line":44,"column":0},"end":{"line":44,"column":39}},"44":{"start":{"line":45,"column":0},"end":{"line":45,"column":16}},"45":{"start":{"line":46,"column":0},"end":{"line":46,"column":74}},"46":{"start":{"line":47,"column":0},"end":{"line":47,"column":72}},"47":{"start":{"line":48,"column":0},"end":{"line":48,"column":8}},"48":{"start":{"line":49,"column":0},"end":{"line":49,"column":29}},"49":{"start":{"line":50,"column":0},"end":{"line":50,"column":59}},"50":{"start":{"line":51,"column":0},"end":{"line":51,"column":6}},"51":{"start":{"line":52,"column":0},"end":{"line":52,"column":5}},"52":{"start":{"line":53,"column":0},"end":{"line":53,"column":30}},"53":{"start":{"line":54,"column":0},"end":{"line":54,"column":35}},"54":{"start":{"line":55,"column":0},"end":{"line":55,"column":55}},"55":{"start":{"line":56,"column":0},"end":{"line":56,"column":16}},"56":{"start":{"line":57,"column":0},"end":{"line":57,"column":74}},"57":{"start":{"line":58,"column":0},"end":{"line":58,"column":73}},"58":{"start":{"line":59,"column":0},"end":{"line":59,"column":8}},"59":{"start":{"line":60,"column":0},"end":{"line":60,"column":30}},"60":{"start":{"line":61,"column":0},"end":{"line":61,"column":59}},"61":{"start":{"line":62,"column":0},"end":{"line":62,"column":5}},"62":{"start":{"line":63,"column":0},"end":{"line":63,"column":4}},"64":{"start":{"line":65,"column":0},"end":{"line":65,"column":10}},"65":{"start":{"line":66,"column":0},"end":{"line":66,"column":9}},"66":{"start":{"line":67,"column":0},"end":{"line":67,"column":80}},"67":{"start":{"line":68,"column":0},"end":{"line":68,"column":113}},"68":{"start":{"line":69,"column":0},"end":{"line":69,"column":29}},"69":{"start":{"line":70,"column":0},"end":{"line":70,"column":63}},"71":{"start":{"line":72,"column":0},"end":{"line":72,"column":104}},"76":{"start":{"line":77,"column":0},"end":{"line":77,"column":126}},"77":{"start":{"line":78,"column":0},"end":{"line":78,"column":44}},"78":{"start":{"line":79,"column":0},"end":{"line":79,"column":25}},"79":{"start":{"line":80,"column":0},"end":{"line":80,"column":37}},"80":{"start":{"line":81,"column":0},"end":{"line":81,"column":68}},"81":{"start":{"line":82,"column":0},"end":{"line":82,"column":28}},"82":{"start":{"line":83,"column":0},"end":{"line":83,"column":184}},"83":{"start":{"line":84,"column":0},"end":{"line":84,"column":29}},"86":{"start":{"line":87,"column":0},"end":{"line":87,"column":92}},"87":{"start":{"line":88,"column":0},"end":{"line":88,"column":43}},"88":{"start":{"line":89,"column":0},"end":{"line":89,"column":87}},"89":{"start":{"line":90,"column":0},"end":{"line":90,"column":39}},"91":{"start":{"line":92,"column":0},"end":{"line":92,"column":126}},"93":{"start":{"line":94,"column":0},"end":{"line":94,"column":44}},"94":{"start":{"line":95,"column":0},"end":{"line":95,"column":89}},"95":{"start":{"line":96,"column":0},"end":{"line":96,"column":36}},"96":{"start":{"line":97,"column":0},"end":{"line":97,"column":58}},"97":{"start":{"line":98,"column":0},"end":{"line":98,"column":65}},"98":{"start":{"line":99,"column":0},"end":{"line":99,"column":41}},"99":{"start":{"line":100,"column":0},"end":{"line":100,"column":57}},"102":{"start":{"line":103,"column":0},"end":{"line":103,"column":76}},"103":{"start":{"line":104,"column":0},"end":{"line":104,"column":44}},"109":{"start":{"line":110,"column":0},"end":{"line":110,"column":36}},"110":{"start":{"line":111,"column":0},"end":{"line":111,"column":82}},"111":{"start":{"line":112,"column":0},"end":{"line":112,"column":78}},"115":{"start":{"line":116,"column":0},"end":{"line":116,"column":81}},"116":{"start":{"line":117,"column":0},"end":{"line":117,"column":45}},"117":{"start":{"line":118,"column":0},"end":{"line":118,"column":85}},"118":{"start":{"line":119,"column":0},"end":{"line":119,"column":105}},"119":{"start":{"line":120,"column":0},"end":{"line":120,"column":104}},"120":{"start":{"line":121,"column":0},"end":{"line":121,"column":123}},"122":{"start":{"line":123,"column":0},"end":{"line":123,"column":45}},"123":{"start":{"line":124,"column":0},"end":{"line":124,"column":88}},"124":{"start":{"line":125,"column":0},"end":{"line":125,"column":108}},"125":{"start":{"line":126,"column":0},"end":{"line":126,"column":103}},"126":{"start":{"line":127,"column":0},"end":{"line":127,"column":125}},"128":{"start":{"line":129,"column":0},"end":{"line":129,"column":45}},"129":{"start":{"line":130,"column":0},"end":{"line":130,"column":81}},"130":{"start":{"line":131,"column":0},"end":{"line":131,"column":101}},"131":{"start":{"line":132,"column":0},"end":{"line":132,"column":113}},"132":{"start":{"line":133,"column":0},"end":{"line":133,"column":117}},"139":{"start":{"line":140,"column":0},"end":{"line":140,"column":37}},"140":{"start":{"line":141,"column":0},"end":{"line":141,"column":68}},"142":{"start":{"line":143,"column":0},"end":{"line":143,"column":90}},"147":{"start":{"line":148,"column":0},"end":{"line":148,"column":2}},"149":{"start":{"line":150,"column":0},"end":{"line":150,"column":27}}},"s":{"0":0,"13":0,"15":0,"16":0,"17":0,"18":0,"19":0,"20":0,"33":0,"37":0,"38":0,"39":0,"40":0,"41":0,"42":0,"43":0,"44":0,"45":0,"46":0,"47":0,"48":0,"49":0,"50":0,"51":0,"52":0,"53":0,"54":0,"55":0,"56":0,"57":0,"58":0,"59":0,"60":0,"61":0,"62":0,"64":0,"65":0,"66":0,"67":0,"68":0,"69":0,"71":0,"76":0,"77":0,"78":0,"79":0,"80":0,"81":0,"82":0,"83":0,"86":0,"87":0,"88":0,"89":0,"91":0,"93":0,"94":0,"95":0,"96":0,"97":0,"98":0,"99":0,"102":0,"103":0,"109":0,"110":0,"111":0,"115":0,"116":0,"117":0,"118":0,"119":0,"120":0,"122":0,"123":0,"124":0,"125":0,"126":0,"128":0,"129":0,"130":0,"131":0,"132":0,"139":0,"140":0,"142":0,"147":0,"149":0},"branchMap":{"0":{"type":"branch","line":1,"loc":{"start":{"line":1,"column":6633},"end":{"line":150,"column":27}},"locations":[{"start":{"line":1,"column":6633},"end":{"line":150,"column":27}}]}},"b":{"0":[0]},"fnMap":{"0":{"name":"(empty-report)","decl":{"start":{"line":1,"column":6633},"end":{"line":150,"column":27}},"loc":{"start":{"line":1,"column":6633},"end":{"line":150,"column":27}},"line":1}},"f":{"0":0}}
,"C:\\Users\\usama\\OneDrive\\Documents\\GitHub\\age-website\\src\\components\\ContentTeaser.tsx": {"path":"C:\\Users\\usama\\OneDrive\\Documents\\GitHub\\age-website\\src\\components\\ContentTeaser.tsx","all":true,"statementMap":{"0":{"start":{"line":1,"column":0},"end":{"line":1,"column":3}},"13":{"start":{"line":14,"column":0},"end":{"line":14,"column":3}},"15":{"start":{"line":16,"column":0},"end":{"line":16,"column":48}},"16":{"start":{"line":17,"column":0},"end":{"line":17,"column":46}},"17":{"start":{"line":18,"column":0},"end":{"line":18,"column":61}},"18":{"start":{"line":19,"column":0},"end":{"line":19,"column":58}},"19":{"start":{"line":20,"column":0},"end":{"line":20,"column":46}},"20":{"start":{"line":21,"column":0},"end":{"line":21,"column":62}},"21":{"start":{"line":22,"column":0},"end":{"line":22,"column":61}},"22":{"start":{"line":23,"column":0},"end":{"line":23,"column":9}},"36":{"start":{"line":37,"column":0},"end":{"line":37,"column":58}},"37":{"start":{"line":38,"column":0},"end":{"line":38,"column":54}},"39":{"start":{"line":40,"column":0},"end":{"line":40,"column":3}},"43":{"start":{"line":44,"column":0},"end":{"line":44,"column":3}},"44":{"start":{"line":45,"column":0},"end":{"line":45,"column":29}},"45":{"start":{"line":46,"column":0},"end":{"line":46,"column":41}},"46":{"start":{"line":47,"column":0},"end":{"line":47,"column":51}},"48":{"start":{"line":49,"column":0},"end":{"line":49,"column":60}},"49":{"start":{"line":50,"column":0},"end":{"line":50,"column":27}},"50":{"start":{"line":51,"column":0},"end":{"line":51,"column":43}},"51":{"start":{"line":52,"column":0},"end":{"line":52,"column":24}},"52":{"start":{"line":53,"column":0},"end":{"line":53,"column":61}},"53":{"start":{"line":54,"column":0},"end":{"line":54,"column":9}},"55":{"start":{"line":56,"column":0},"end":{"line":56,"column":60}},"56":{"start":{"line":57,"column":0},"end":{"line":57,"column":23}},"58":{"start":{"line":59,"column":0},"end":{"line":59,"column":39}},"59":{"start":{"line":60,"column":0},"end":{"line":60,"column":32}},"60":{"start":{"line":61,"column":0},"end":{"line":61,"column":50}},"61":{"start":{"line":62,"column":0},"end":{"line":62,"column":13}},"62":{"start":{"line":63,"column":0},"end":{"line":63,"column":5}},"64":{"start":{"line":65,"column":0},"end":{"line":65,"column":32}},"65":{"start":{"line":66,"column":0},"end":{"line":66,"column":48}},"67":{"start":{"line":68,"column":0},"end":{"line":68,"column":45}},"68":{"start":{"line":69,"column":0},"end":{"line":69,"column":17}},"69":{"start":{"line":70,"column":0},"end":{"line":70,"column":22}},"70":{"start":{"line":71,"column":0},"end":{"line":71,"column":14}},"72":{"start":{"line":73,"column":0},"end":{"line":73,"column":20}},"73":{"start":{"line":74,"column":0},"end":{"line":74,"column":5}},"74":{"start":{"line":75,"column":0},"end":{"line":75,"column":23}},"75":{"start":{"line":76,"column":0},"end":{"line":76,"column":45}},"76":{"start":{"line":77,"column":0},"end":{"line":77,"column":84}},"77":{"start":{"line":78,"column":0},"end":{"line":78,"column":29}},"78":{"start":{"line":79,"column":0},"end":{"line":79,"column":38}},"79":{"start":{"line":80,"column":0},"end":{"line":80,"column":38}},"80":{"start":{"line":81,"column":0},"end":{"line":81,"column":6}},"81":{"start":{"line":82,"column":0},"end":{"line":82,"column":5}},"82":{"start":{"line":83,"column":0},"end":{"line":83,"column":21}},"83":{"start":{"line":84,"column":0},"end":{"line":84,"column":44}},"84":{"start":{"line":85,"column":0},"end":{"line":85,"column":89}},"85":{"start":{"line":86,"column":0},"end":{"line":86,"column":31}},"86":{"start":{"line":87,"column":0},"end":{"line":87,"column":36}},"87":{"start":{"line":88,"column":0},"end":{"line":88,"column":36}},"88":{"start":{"line":89,"column":0},"end":{"line":89,"column":6}},"89":{"start":{"line":90,"column":0},"end":{"line":90,"column":5}},"90":{"start":{"line":91,"column":0},"end":{"line":91,"column":17}},"91":{"start":{"line":92,"column":0},"end":{"line":92,"column":38}},"92":{"start":{"line":93,"column":0},"end":{"line":93,"column":85}},"93":{"start":{"line":94,"column":0},"end":{"line":94,"column":25}},"94":{"start":{"line":95,"column":0},"end":{"line":95,"column":37}},"95":{"start":{"line":96,"column":0},"end":{"line":96,"column":37}},"96":{"start":{"line":97,"column":0},"end":{"line":97,"column":5}},"97":{"start":{"line":98,"column":0},"end":{"line":98,"column":4}},"99":{"start":{"line":100,"column":0},"end":{"line":100,"column":10}},"100":{"start":{"line":101,"column":0},"end":{"line":101,"column":9}},"101":{"start":{"line":102,"column":0},"end":{"line":102,"column":80}},"102":{"start":{"line":103,"column":0},"end":{"line":103,"column":113}},"103":{"start":{"line":104,"column":0},"end":{"line":104,"column":32}},"104":{"start":{"line":105,"column":0},"end":{"line":105,"column":69}},"106":{"start":{"line":107,"column":0},"end":{"line":107,"column":104}},"112":{"start":{"line":113,"column":0},"end":{"line":113,"column":85}},"113":{"start":{"line":114,"column":0},"end":{"line":114,"column":45}},"114":{"start":{"line":115,"column":0},"end":{"line":115,"column":38}},"115":{"start":{"line":116,"column":0},"end":{"line":116,"column":20}},"116":{"start":{"line":117,"column":0},"end":{"line":117,"column":27}},"117":{"start":{"line":118,"column":0},"end":{"line":118,"column":35}},"118":{"start":{"line":119,"column":0},"end":{"line":119,"column":54}},"119":{"start":{"line":120,"column":0},"end":{"line":120,"column":30}},"120":{"start":{"line":121,"column":0},"end":{"line":121,"column":223}},"122":{"start":{"line":123,"column":0},"end":{"line":123,"column":21}},"123":{"start":{"line":124,"column":0},"end":{"line":124,"column":219}},"124":{"start":{"line":125,"column":0},"end":{"line":125,"column":62}},"126":{"start":{"line":127,"column":0},"end":{"line":127,"column":24}},"127":{"start":{"line":128,"column":0},"end":{"line":128,"column":83}},"128":{"start":{"line":129,"column":0},"end":{"line":129,"column":56}},"132":{"start":{"line":133,"column":0},"end":{"line":133,"column":123}},"133":{"start":{"line":134,"column":0},"end":{"line":134,"column":32}},"136":{"start":{"line":137,"column":0},"end":{"line":137,"column":142}},"137":{"start":{"line":138,"column":0},"end":{"line":138,"column":33}},"140":{"start":{"line":141,"column":0},"end":{"line":141,"column":90}},"141":{"start":{"line":142,"column":0},"end":{"line":142,"column":39}},"144":{"start":{"line":145,"column":0},"end":{"line":145,"column":170}},"149":{"start":{"line":150,"column":0},"end":{"line":150,"column":13}},"153":{"start":{"line":154,"column":0},"end":{"line":154,"column":122}},"154":{"start":{"line":155,"column":0},"end":{"line":155,"column":66}},"155":{"start":{"line":156,"column":0},"end":{"line":156,"column":113}},"158":{"start":{"line":159,"column":0},"end":{"line":159,"column":49}},"163":{"start":{"line":164,"column":0},"end":{"line":164,"column":84}},"164":{"start":{"line":165,"column":0},"end":{"line":165,"column":36}},"165":{"start":{"line":166,"column":0},"end":{"line":166,"column":20}},"166":{"start":{"line":167,"column":0},"end":{"line":167,"column":28}},"167":{"start":{"line":168,"column":0},"end":{"line":168,"column":54}},"168":{"start":{"line":169,"column":0},"end":{"line":169,"column":29}},"169":{"start":{"line":170,"column":0},"end":{"line":170,"column":67}},"170":{"start":{"line":171,"column":0},"end":{"line":171,"column":47}},"171":{"start":{"line":172,"column":0},"end":{"line":172,"column":24}},"172":{"start":{"line":173,"column":0},"end":{"line":173,"column":59}},"173":{"start":{"line":174,"column":0},"end":{"line":174,"column":60}},"174":{"start":{"line":175,"column":0},"end":{"line":175,"column":86}},"176":{"start":{"line":177,"column":0},"end":{"line":177,"column":30}},"177":{"start":{"line":178,"column":0},"end":{"line":178,"column":38}},"178":{"start":{"line":179,"column":0},"end":{"line":179,"column":31}},"179":{"start":{"line":180,"column":0},"end":{"line":180,"column":49}},"180":{"start":{"line":181,"column":0},"end":{"line":181,"column":40}},"181":{"start":{"line":182,"column":0},"end":{"line":182,"column":36}},"182":{"start":{"line":183,"column":0},"end":{"line":183,"column":36}},"187":{"start":{"line":188,"column":0},"end":{"line":188,"column":20}},"188":{"start":{"line":189,"column":0},"end":{"line":189,"column":28}},"189":{"start":{"line":190,"column":0},"end":{"line":190,"column":28}},"190":{"start":{"line":191,"column":0},"end":{"line":191,"column":24}},"191":{"start":{"line":192,"column":0},"end":{"line":192,"column":48}},"192":{"start":{"line":193,"column":0},"end":{"line":193,"column":31}},"194":{"start":{"line":195,"column":0},"end":{"line":195,"column":66}},"199":{"start":{"line":200,"column":0},"end":{"line":200,"column":72}},"200":{"start":{"line":201,"column":0},"end":{"line":201,"column":55}},"201":{"start":{"line":202,"column":0},"end":{"line":202,"column":20}},"202":{"start":{"line":203,"column":0},"end":{"line":203,"column":27}},"203":{"start":{"line":204,"column":0},"end":{"line":204,"column":54}},"204":{"start":{"line":205,"column":0},"end":{"line":205,"column":93}},"205":{"start":{"line":206,"column":0},"end":{"line":206,"column":63}},"206":{"start":{"line":207,"column":0},"end":{"line":207,"column":13}},"208":{"start":{"line":209,"column":0},"end":{"line":209,"column":22}},"213":{"start":{"line":214,"column":0},"end":{"line":214,"column":2}},"215":{"start":{"line":216,"column":0},"end":{"line":216,"column":29}}},"s":{"0":0,"13":0,"15":0,"16":0,"17":0,"18":0,"19":0,"20":0,"21":0,"22":0,"36":0,"37":0,"39":0,"43":0,"44":0,"45":0,"46":0,"48":0,"49":0,"50":0,"51":0,"52":0,"53":0,"55":0,"56":0,"58":0,"59":0,"60":0,"61":0,"62":0,"64":0,"65":0,"67":0,"68":0,"69":0,"70":0,"72":0,"73":0,"74":0,"75":0,"76":0,"77":0,"78":0,"79":0,"80":0,"81":0,"82":0,"83":0,"84":0,"85":0,"86":0,"87":0,"88":0,"89":0,"90":0,"91":0,"92":0,"93":0,"94":0,"95":0,"96":0,"97":0,"99":0,"100":0,"101":0,"102":0,"103":0,"104":0,"106":0,"112":0,"113":0,"114":0,"115":0,"116":0,"117":0,"118":0,"119":0,"120":0,"122":0,"123":0,"124":0,"126":0,"127":0,"128":0,"132":0,"133":0,"136":0,"137":0,"140":0,"141":0,"144":0,"149":0,"153":0,"154":0,"155":0,"158":0,"163":0,"164":0,"165":0,"166":0,"167":0,"168":0,"169":0,"170":0,"171":0,"172":0,"173":0,"174":0,"176":0,"177":0,"178":0,"179":0,"180":0,"181":0,"182":0,"187":0,"188":0,"189":0,"190":0,"191":0,"192":0,"194":0,"199":0,"200":0,"201":0,"202":0,"203":0,"204":0,"205":0,"206":0,"208":0,"213":0,"215":0},"branchMap":{"0":{"type":"branch","line":1,"loc":{"start":{"line":1,"column":8330},"end":{"line":216,"column":29}},"locations":[{"start":{"line":1,"column":8330},"end":{"line":216,"column":29}}]}},"b":{"0":[0]},"fnMap":{"0":{"name":"(empty-report)","decl":{"start":{"line":1,"column":8330},"end":{"line":216,"column":29}},"loc":{"start":{"line":1,"column":8330},"end":{"line":216,"column":29}},"line":1}},"f":{"0":0}}
,"C:\\Users\\usama\\OneDrive\\Documents\\GitHub\\age-website\\src\\components\\EmailStep.tsx": {"path":"C:\\Users\\usama\\OneDrive\\Documents\\GitHub\\age-website\\src\\components\\EmailStep.tsx","all":true,"statementMap":{"0":{"start":{"line":1,"column":0},"end":{"line":1,"column":3}},"27":{"start":{"line":28,"column":0},"end":{"line":28,"column":3}},"29":{"start":{"line":30,"column":0},"end":{"line":30,"column":48}},"30":{"start":{"line":31,"column":0},"end":{"line":31,"column":46}},"31":{"start":{"line":32,"column":0},"end":{"line":32,"column":46}},"32":{"start":{"line":33,"column":0},"end":{"line":33,"column":52}},"33":{"start":{"line":34,"column":0},"end":{"line":34,"column":42}},"34":{"start":{"line":35,"column":0},"end":{"line":35,"column":52}},"35":{"start":{"line":36,"column":0},"end":{"line":36,"column":79}},"36":{"start":{"line":37,"column":0},"end":{"line":37,"column":54}},"37":{"start":{"line":38,"column":0},"end":{"line":38,"column":64}},"38":{"start":{"line":39,"column":0},"end":{"line":39,"column":61}},"58":{"start":{"line":59,"column":0},"end":{"line":59,"column":3}},"63":{"start":{"line":64,"column":0},"end":{"line":64,"column":3}},"64":{"start":{"line":65,"column":0},"end":{"line":65,"column":113}},"65":{"start":{"line":66,"column":0},"end":{"line":66,"column":59}},"67":{"start":{"line":68,"column":0},"end":{"line":68,"column":5}},"71":{"start":{"line":72,"column":0},"end":{"line":72,"column":5}},"72":{"start":{"line":73,"column":0},"end":{"line":73,"column":75}},"73":{"start":{"line":74,"column":0},"end":{"line":74,"column":37}},"74":{"start":{"line":75,"column":0},"end":{"line":75,"column":50}},"75":{"start":{"line":76,"column":0},"end":{"line":76,"column":19}},"76":{"start":{"line":77,"column":0},"end":{"line":77,"column":5}},"78":{"start":{"line":79,"column":0},"end":{"line":79,"column":22}},"79":{"start":{"line":80,"column":0},"end":{"line":80,"column":16}},"80":{"start":{"line":81,"column":0},"end":{"line":81,"column":9}},"82":{"start":{"line":83,"column":0},"end":{"line":83,"column":5}},"85":{"start":{"line":86,"column":0},"end":{"line":86,"column":5}},"86":{"start":{"line":87,"column":0},"end":{"line":87,"column":60}},"87":{"start":{"line":88,"column":0},"end":{"line":88,"column":46}},"88":{"start":{"line":89,"column":0},"end":{"line":89,"column":48}},"90":{"start":{"line":9
[...]
,"column":56}},"59":{"start":{"line":60,"column":0},"end":{"line":60,"column":28}},"61":{"start":{"line":62,"column":0},"end":{"line":62,"column":24}},"62":{"start":{"line":63,"column":0},"end":{"line":63,"column":46}},"63":{"start":{"line":64,"column":0},"end":{"line":64,"column":28}},"65":{"start":{"line":66,"column":0},"end":{"line":66,"column":25}},"66":{"start":{"line":67,"column":0},"end":{"line":67,"column":28}},"67":{"start":{"line":68,"column":0},"end":{"line":68,"column":4}},"69":{"start":{"line":70,"column":0},"end":{"line":70,"column":5}},"100":{"start":{"line":101,"column":0},"end":{"line":101,"column":5}},"101":{"start":{"line":102,"column":0},"end":{"line":102,"column":67}},"102":{"start":{"line":103,"column":0},"end":{"line":103,"column":63}},"103":{"start":{"line":104,"column":0},"end":{"line":104,"column":65}},"104":{"start":{"line":105,"column":0},"end":{"line":105,"column":20}},"105":{"start":{"line":106,"column":0},"end":{"line":106,"column":75}},"106":{"start":{"line":107,"column":0},"end":{"line":107,"column":80}},"107":{"start":{"line":108,"column":0},"end":{"line":108,"column":77}},"108":{"start":{"line":109,"column":0},"end":{"line":109,"column":86}},"109":{"start":{"line":110,"column":0},"end":{"line":110,"column":6}},"111":{"start":{"line":112,"column":0},"end":{"line":112,"column":7}},"123":{"start":{"line":124,"column":0},"end":{"line":124,"column":7}},"124":{"start":{"line":125,"column":0},"end":{"line":125,"column":74}},"125":{"start":{"line":126,"column":0},"end":{"line":126,"column":78}},"126":{"start":{"line":127,"column":0},"end":{"line":127,"column":85}},"127":{"start":{"line":128,"column":0},"end":{"line":128,"column":78}},"128":{"start":{"line":129,"column":0},"end":{"line":129,"column":79}},"129":{"start":{"line":130,"column":0},"end":{"line":130,"column":85}},"130":{"start":{"line":131,"column":0},"end":{"line":131,"column":79}},"131":{"start":{"line":132,"column":0},"end":{"line":132,"column":82}},"132":{"start":{"line":133,"column":0},"end":{"line":133,"column":74}},"133":{"start":{"line":134,"column":0},"end":{"line":134,"column":73}},"134":{"start":{"line":135,"column":0},"end":{"line":135,"column":71}},"135":{"start":{"line":136,"column":0},"end":{"line":136,"column":79}},"136":{"start":{"line":137,"column":0},"end":{"line":137,"column":84}},"137":{"start":{"line":138,"column":0},"end":{"line":138,"column":6}},"139":{"start":{"line":140,"column":0},"end":{"line":140,"column":7}},"154":{"start":{"line":155,"column":0},"end":{"line":155,"column":7}},"155":{"start":{"line":156,"column":0},"end":{"line":156,"column":62}},"156":{"start":{"line":157,"column":0},"end":{"line":157,"column":56}},"157":{"start":{"line":158,"column":0},"end":{"line":158,"column":57}},"159":{"start":{"line":160,"column":0},"end":{"line":160,"column":75}},"160":{"start":{"line":161,"column":0},"end":{"line":161,"column":81}},"161":{"start":{"line":162,"column":0},"end":{"line":162,"column":58}},"162":{"start":{"line":163,"column":0},"end":{"line":163,"column":85}},"163":{"start":{"line":164,"column":0},"end":{"line":164,"column":62}},"164":{"start":{"line":165,"column":0},"end":{"line":165,"column":37}},"165":{"start":{"line":166,"column":0},"end":{"line":166,"column":9}},"166":{"start":{"line":167,"column":0},"end":{"line":167,"column":86}},"167":{"start":{"line":168,"column":0},"end":{"line":168,"column":83}},"168":{"start":{"line":169,"column":0},"end":{"line":169,"column":7}},"169":{"start":{"line":170,"column":0},"end":{"line":170,"column":7}},"171":{"start":{"line":172,"column":0},"end":{"line":172,"column":7}},"186":{"start":{"line":187,"column":0},"end":{"line":187,"column":7}},"187":{"start":{"line":188,"column":0},"end":{"line":188,"column":84}},"188":{"start":{"line":189,"column":0},"end":{"line":189,"column":76}},"189":{"start":{"line":190,"column":0},"end":{"line":190,"column":65}},"191":{"start":{"line":192,"column":0},"end":{"line":192,"column":7}},"203":{"start":{"line":204,"column":0},"end":{"line":204,"column":7}},"204":{"start":{"line":205,"column":0},"end":{"line":205,"column":115}},"206":{"start":{"line":207,"column":0},"end":{"line":207,"column":7}},"217":{"start":{"line":218,"column":0},"end":{"line":218,"column":7}},"218":{"start":{"line":219,"column":0},"end":{"line":219,"column":97}},"220":{"start":{"line":221,"column":0},"end":{"line":221,"column":92}},"221":{"start":{"line":222,"column":0},"end":{"line":222,"column":34}},"222":{"start":{"line":223,"column":0},"end":{"line":223,"column":56}},"223":{"start":{"line":224,"column":0},"end":{"line":224,"column":68}},"224":{"start":{"line":225,"column":0},"end":{"line":225,"column":48}},"225":{"start":{"line":226,"column":0},"end":{"line":226,"column":53}},"226":{"start":{"line":227,"column":0},"end":{"line":227,"column":6}},"228":{"start":{"line":229,"column":0},"end":{"line":229,"column":37}},"229":{"start":{"line":230,"column":0},"end":{"line":230,"column":32}},"230":{"start":{"line":231,"column":0},"end":{"line":231,"column":122}},"231":{"start":{"line":232,"column":0},"end":{"line":232,"column":134}},"232":{"start":{"line":233,"column":0},"end":{"line":233,"column":114}},"233":{"start":{"line":234,"column":0},"end":{"line":234,"column":119}},"234":{"start":{"line":235,"column":0},"end":{"line":235,"column":6}},"236":{"start":{"line":237,"column":0},"end":{"line":237,"column":12}},"237":{"start":{"line":238,"column":0},"end":{"line":238,"column":29}},"238":{"start":{"line":239,"column":0},"end":{"line":239,"column":11}},"239":{"start":{"line":240,"column":0},"end":{"line":240,"column":35}},"240":{"start":{"line":241,"column":0},"end":{"line":241,"column":6}},"241":{"start":{"line":242,"column":0},"end":{"line":242,"column":4}},"243":{"start":{"line":244,"column":0},"end":{"line":244,"column":41}},"244":{"start":{"line":245,"column":0},"end":{"line":245,"column":58}},"246":{"start":{"line":247,"column":0},"end":{"line":247,"column":31}},"248":{"start":{"line":249,"column":0},"end":{"line":249,"column":104}},"249":{"start":{"line":250,"column":0},"end":{"line":250,"column":50}},"251":{"start":{"line":252,"column":0},"end":{"line":252,"column":9}},"252":{"start":{"line":253,"column":0},"end":{"line":253,"column":26}},"253":{"start":{"line":254,"column":0},"end":{"line":254,"column":40}},"254":{"start":{"line":255,"column":0},"end":{"line":255,"column":25}},"255":{"start":{"line":256,"column":0},"end":{"line":256,"column":33}},"256":{"start":{"line":257,"column":0},"end":{"line":257,"column":31}},"257":{"start":{"line":258,"column":0},"end":{"line":258,"column":42}},"258":{"start":{"line":259,"column":0},"end":{"line":259,"column":32}},"259":{"start":{"line":260,"column":0},"end":{"line":260,"column":8}},"261":{"start":{"line":262,"column":0},"end":{"line":262,"column":79}},"262":{"start":{"line":263,"column":0},"end":{"line":263,"column":29}},"264":{"start":{"line":265,"column":0},"end":{"line":265,"column":24}},"265":{"start":{"line":266,"column":0},"end":{"line":266,"column":32}},"266":{"start":{"line":267,"column":0},"end":{"line":267,"column":21}},"267":{"start":{"line":268,"column":0},"end":{"line":268,"column":38}},"268":{"start":{"line":269,"column":0},"end":{"line":269,"column":66}},"269":{"start":{"line":270,"column":0},"end":{"line":270,"column":48}},"270":{"start":{"line":271,"column":0},"end":{"line":271,"column":15}},"271":{"start":{"line":272,"column":0},"end":{"line":272,"column":7}},"273":{"start":{"line":274,"column":0},"end":{"line":274,"column":52}},"274":{"start":{"line":275,"column":0},"end":{"line":275,"column":52}},"275":{"start":{"line":276,"column":0},"end":{"line":276,"column":90}},"276":{"start":{"line":277,"column":0},"end":{"line":277,"column":32}},"277":{"start":{"line":278,"column":0},"end":{"line":278,"column":15}},"278":{"start":{"line":279,"column":0},"end":{"line":279,"column":34}},"279":{"start":{"line":280,"column":0},"end":{"line":280,"column":5}},"280":{"start":{"line":281,"column":0},"end":{"line":281,"column":4}},"282":{"start":{"line":283,"column":0},"end":{"line":283,"column":10}},"283":{"start":{"line":284,"column":0},"end":{"line":284,"column":18}},"284":{"start":{"line":285,"column":0},"end":{"line":285,"column":44}},"285":{"start":{"line":286,"column":0},"end":{"line":286,"column":161}},"286":{"start":{"line":287,"column":0},"end":{"line":287,"column":252}},"287":{"start":{"line":288,"column":0},"end":{"line":288,"column":59}},"288":{"start":{"line":289,"column":0},"end":{"line":289,"column":65}},"289":{"start":{"line":290,"column":0},"end":{"line":290,"column":39}},"290":{"start":{"line":291,"column":0},"end":{"line":291,"column":24}},"291":{"start":{"line":292,"column":0},"end":{"line":292,"column":23}},"292":{"start":{"line":293,"column":0},"end":{"line":293,"column":27}},"293":{"start":{"line":294,"column":0},"end":{"line":294,"column":45}},"294":{"start":{"line":295,"column":0},"end":{"line":295,"column":121}},"295":{"start":{"line":296,"column":0},"end":{"line":296,"column":21}},"296":{"start":{"line":297,"column":0},"end":{"line":297,"column":34}},"297":{"start":{"line":298,"column":0},"end":{"line":298,"column":43}},"298":{"start":{"line":299,"column":0},"end":{"line":299,"column":10}},"299":{"start":{"line":300,"column":0},"end":{"line":300,"column":39}},"300":{"start":{"line":301,"column":0},"end":{"line":301,"column":23}},"301":{"start":{"line":302,"column":0},"end":{"line":302,"column":29}},"302":{"start":{"line":303,"column":0},"end":{"line":303,"column":28}},"303":{"start":{"line":304,"column":0},"end":{"line":304,"column":10}},"304":{"start":{"line":305,"column":0},"end":{"line":305,"column":19}},"305":{"start":{"line":306,"column":0},"end":{"line":306,"column":27}},"306":{"start":{"line":307,"column":0},"end":{"line":307,"column":23}},"307":{"start":{"line":308,"column":0},"end":{"line":308,"column":33}},"308":{"start":{"line":309,"column":0},"end":{"line":309,"column":54}},"309":{"start":{"line":310,"column":0},"end":{"line":310,"column":10}},"310":{"start":{"line":311,"column":0},"end":{"line":311,"column":21}},"311":{"start":{"line":312,"column":0},"end":{"line":312,"column":38}},"312":{"start":{"line":313,"column":0},"end":{"line":313,"column":68}},"313":{"start":{"line":314,"column":0},"end":{"line":314,"column":9}},"314":{"start":{"line":315,"column":0},"end":{"line":315,"column":8}},"315":{"start":{"line":316,"column":0},"end":{"line":316,"column":19}},"316":{"start":{"line":317,"column":0},"end":{"line":317,"column":87}},"317":{"start":{"line":318,"column":0},"end":{"line":318,"column":74}},"318":{"start":{"line":319,"column":0},"end":{"line":319,"column":75}},"319":{"start":{"line":320,"column":0},"end":{"line":320,"column":76}},"320":{"start":{"line":321,"column":0},"end":{"line":321,"column":8}},"322":{"start":{"line":323,"column":0},"end":{"line":323,"column":34}},"323":{"start":{"line":324,"column":0},"end":{"line":324,"column":87}},"324":{"start":{"line":325,"column":0},"end":{"line":325,"column":48}},"325":{"start":{"line":326,"column":0},"end":{"line":326,"column":140}},"326":{"start":{"line":327,"column":0},"end":{"line":327,"column":98}},"327":{"start":{"line":328,"column":0},"end":{"line":328,"column":49}},"330":{"start":{"line":331,"column":0},"end":{"line":331,"column":22}},"331":{"start":{"line":332,"column":0},"end":{"line":332,"column":97}},"332":{"start":{"line":333,"column":0},"end":{"line":333,"column":76}},"333":{"start":{"line":334,"column":0},"end":{"line":334,"column":54}},"335":{"start":{"line":336,"column":0},"end":{"line":336,"column":92}},"336":{"start":{"line":337,"column":0},"end":{"line":337,"column":39}},"337":{"start":{"line":338,"column":0},"end":{"line":338,"column":83}},"338":{"start":{"line":339,"column":0},"end":{"line":339,"column":71}},"345":{"start":{"line":346,"column":0},"end":{"line":346,"column":132}},"346":{"start":{"line":347,"column":0},"end":{"line":347,"column":33}},"347":{"start":{"line":348,"column":0},"end":{"line":348,"column":72}},"350":{"start":{"line":351,"column":0},"end":{"line":351,"column":142}},"355":{"start":{"line":356,"column":0},"end":{"line":356,"column":113}},"356":{"start":{"line":357,"column":0},"end":{"line":357,"column":19}},"357":{"start":{"line":358,"column":0},"end":{"line":358,"column":23}},"358":{"start":{"line":359,"column":0},"end":{"line":359,"column":27}},"359":{"start":{"line":360,"column":0},"end":{"line":360,"column":33}},"360":{"start":{"line":361,"column":0},"end":{"line":361,"column":65}},"361":{"start":{"line":362,"column":0},"end":{"line":362,"column":13}},"363":{"start":{"line":364,"column":0},"end":{"line":364,"column":100}},"367":{"start":{"line":368,"column":0},"end":{"line":368,"column":59}},"368":{"start":{"line":369,"column":0},"end":{"line":369,"column":14}},"369":{"start":{"line":370,"column":0},"end":{"line":370,"column":15}},"370":{"start":{"line":371,"column":0},"end":{"line":371,"column":33}},"371":{"start":{"line":372,"column":0},"end":{"line":372,"column":39}},"372":{"start":{"line":373,"column":0},"end":{"line":373,"column":91}},"373":{"start":{"line":374,"column":0},"end":{"line":374,"column":48}},"374":{"start":{"line":375,"column":0},"end":{"line":375,"column":48}},"375":{"start":{"line":376,"column":0},"end":{"line":376,"column":16}},"376":{"start":{"line":377,"column":0},"end":{"line":377,"column":15}},"377":{"start":{"line":378,"column":0},"end":{"line":378,"column":29}},"378":{"start":{"line":379,"column":0},"end":{"line":379,"column":41}},"379":{"start":{"line":380,"column":0},"end":{"line":380,"column":88}},"380":{"start":{"line":381,"column":0},"end":{"line":381,"column":46}},"381":{"start":{"line":382,"column":0},"end":{"line":382,"column":46}},"382":{"start":{"line":383,"column":0},"end":{"line":383,"column":16}},"383":{"start":{"line":384,"column":0},"end":{"line":384,"column":15}},"384":{"start":{"line":385,"column":0},"end":{"line":385,"column":26}},"385":{"start":{"line":386,"column":0},"end":{"line":386,"column":37}},"386":{"start":{"line":387,"column":0},"end":{"line":387,"column":85}},"387":{"start":{"line":388,"column":0},"end":{"line":388,"column":47}},"388":{"start":{"line":389,"column":0},"end":{"line":389,"column":47}},"389":{"start":{"line":390,"column":0},"end":{"line":390,"column":15}},"390":{"start":{"line":391,"column":0},"end":{"line":391,"column":39}},"391":{"start":{"line":392,"column":0},"end":{"line":392,"column":40}},"392":{"start":{"line":393,"column":0},"end":{"line":393,"column":22}},"393":{"start":{"line":394,"column":0},"end":{"line":394,"column":29}},"394":{"start":{"line":395,"column":0},"end":{"line":395,"column":37}},"395":{"start":{"line":396,"column":0},"end":{"line":396,"column":37}},"396":{"start":{"line":397,"column":0},"end":{"line":397,"column":32}},"397":{"start":{"line":398,"column":0},"end":{"line":398,"column":168}},"399":{"start":{"line":400,"column":0},"end":{"line":400,"column":23}},"400":{"start":{"line":401,"column":0},"end":{"line":401,"column":166}},"401":{"start":{"line":402,"column":0},"end":{"line":402,"column":64}},"403":{"start":{"line":404,"column":0},"end":{"line":404,"column":85}},"405":{"start":{"line":406,"column":0},"end":{"line":406,"column":108}},"406":{"start":{"line":407,"column":0},"end":{"line":407,"column":106}},"409":{"start":{"line":410,"column":0},"end":{"line":410,"column":15}},"414":{"start":{"line":415,"column":0},"end":{"line":415,"column":34}},"415":{"start":{"line":416,"column":0},"end":{"line":416,"column":56}},"418":{"start":{"line":419,"column":0},"end":{"line":419,"column":35}},"419":{"start":{"line":420,"column":0},"end":{"line":420,"column":85}},"420":{"start":{"line":421,"column":0},"end":{"line":421,"column":73}},"421":{"start":{"line":422,"column":0},"end":{"line":422,"column":25}},"422":{"start":{"line":423,"column":0},"end":{"line":423,"column":23}},"423":{"start":{"line":424,"column":0},"end":{"line":424,"column":28}},"424":{"start":{"line":425,"column":0},"end":{"line":425,"column":136}},"426":{"start":{"line":427,"column":0},"end":{"line":427,"column":110}},"427":{"start":{"line":428,"column":0},"end":{"line":428,"column":92}},"431":{"start":{"line":432,"column":0},"end":{"line":432,"column":24}},"432":{"start":{"line":433,"column":0},"end":{"line":433,"column":33}},"433":{"start":{"line":434,"column":0},"end":{"line":434,"column":39}},"434":{"start":{"line":435,"column":0},"end":{"line":435,"column":39}},"435":{"start":{"line":436,"column":0},"end":{"line":436,"column":45}},"436":{"start":{"line":437,"column":0},"end":{"line":437,"column":44}},"437":{"start":{"line":438,"column":0},"end":{"line":438,"column":45}},"444":{"start":{"line":445,"column":0},"end":{"line":445,"column":52}},"445":{"start":{"line":446,"column":0},"end":{"line":446,"column":25}},"446":{"start":{"line":447,"column":0},"end":{"line":447,"column":31}},"447":{"start":{"line":448,"column":0},"end":{"line":448,"column":31}},"448":{"start":{"line":449,"column":0},"end":{"line":449,"column":31}},"449":{"start":{"line":450,"column":0},"end":{"line":450,"column":35}},"450":{"start":{"line":451,"column":0},"end":{"line":451,"column":37}},"454":{"start":{"line":455,"column":0},"end":{"line":455,"column":34}},"455":{"start":{"line":456,"column":0},"end":{"line":456,"column":23}},"459":{"start":{"line":460,"column":0},"end":{"line":460,"column":2}},"461":{"start":{"line":462,"column":0},"end":{"line":462,"column":29}}},"s":{"0":0,"1":0,"2":0,"3":0,"4":0,"5":0,"6":0,"7":0,"8":0,"9":0,"10":0,"12":0,"30":0,"31":0,"32":0,"33":0,"34":0,"35":0,"36":0,"37":0,"38":0,"39":0,"41":0,"42":0,"43":0,"44":0,"46":0,"47":0,"48":0,"49":0,"51":0,"52":0,"54":0,"55":0,"56":0,"58":0,"59":0,"61":0,"62":0,"63":0,"65":0,"66":0,"67":0,"69":0,"100":0,"101":0,"102":0,"103":0,"104":0,"105":0,"106":0,"107":0,"108":0,"109":0,"111":0,"123":0,"124":0,"125":0,"126":0,"127":0,"128":0,"129":0,"130":0,"131":0,"132":0,"133":0,"134":0,"135":0,"136":0,"137":0,"139":0,"154":0,"155":0,"156":0,"157":0,"159":0,"160":0,"161":0,"162":0,"163":0,"164":0,"165":0,"166":0,"167":0,"168":0,"169":0,"171":0,"186":0,"187":0,"188":0,"189":0,"191":0,"203":0,"204":0,"206":0,"217":0,"218":0,"220":0,"221":0,"222":0,"223":0,"224":0,"225":0,"226":0,"228":0,"229":0,"230":0,"231":0,"232":0,"233":0,"234":0,"236":0,"237":0,"238":0,"239":0,"240":0,"241":0,"243":0,"244":0,"246":0,"248":0,"249":0,"251":0,"252":0,"253":0,"254":0,"255":0,"256":0,"257":0,"258":0,"259":0,"261":0,"262":0,"264":0,"265":0,"266":0,"267":0,"268":0,"269":0,"270":0,"271":0,"273":0,"274":0,"275":0,"276":0,"277":0,"278":0,"279":0,"280":0,"282":0,"283":0,"284":0,"285":0,"286":0,"287":0,"288":0,"289":0,"290":0,"291":0,"292":0,"293":0,"294":0,"295":0,"296":0,"297":0,"298":0,"299":0,"300":0,"301":0,"302":0,"303":0,"304":0,"305":0,"306":0,"307":0,"308":0,"309":0,"310":0,"311":0,"312":0,"313":0,"314":0,"315":0,"316":0,"317":0,"318":0,"319":0,"320":0,"322":0,"323":0,"324":0,"325":0,"326":0,"327":0,"330":0,"331":0,"332":0,"333":0,"335":0,"336":0,"337":0,"338":0,"345":0,"346":0,"347":0,"350":0,"355":0,"356":0,"357":0,"358":0,"359":0,"360":0,"361":0,"363":0,"367":0,"368":0,"369":0,"370":0,"371":0,"372":0,"373":0,"374":0,"375":0,"376":0,"377":0,"378":0,"379":0,"380":0,"381":0,"382":0,"383":0,"384":0,"385":0,"386":0,"387":0,"388":0,"389":0,"390":0,"391":0,"392":0,"393":0,"394":0,"395":0,"396":0,"397":0,"399":0,"400":0,"401":0,"403":0,"405":0,"406":0,"409":0,"414":0,"415":0,"418":0,"419":0,"420":0,"421":0,"422":0,"423":0,"424":0,"426":0,"427":0,"431":0,"432":0,"433":0,"434":0,"435":0,"436":0,"437":0,"444":0,"445":0,"446":0,"447":0,"448":0,"449":0,"450":0,"454":0,"455":0,"459":0,"461":0},"branchMap":{"0":{"type":"branch","line":1,"loc":{"start":{"line":1,"column":20406},"end":{"line":462,"column":29}},"locations":[{"start":{"line":1,"column":20406},"end":{"line":462,"column":29}}]}},"b":{"0":[0]},"fnMap":{"0":{"name":"(empty-report)","decl":{"start":{"line":1,"column":20406},"end":{"line":462,"column":29}},"loc":{"start":{"line":1,"column":20406},"end":{"line":462,"column":29}},"line":1}},"f":{"0":0}}
}
